25.02.2026 19:06:33 [INFO] ==================================================
25.02.2026 19:06:33 [INFO] Запуск парсера inkstory.net
25.02.2026 19:06:33 [INFO] ==================================================
25.02.2026 19:06:33 [INFO] --- Шаг 1: сбор ссылок ---
25.02.2026 19:06:33 [INFO] [links] Известных ссылок: 1, в блэклисте: 0
25.02.2026 19:06:33 [DEBUG] [links] Запрашиваем страницу 0
25.02.2026 19:06:34 [DEBUG] [links] Запрашиваем страницу 1
25.02.2026 19:06:35 [INFO] [links] Дошли до известной ссылки: https://inkstory.net/discussion/48e6d50e-396c-435f-b772-d4214e97e4d1
25.02.2026 19:06:35 [INFO] [links] Сохранено новых ссылок: 23
25.02.2026 19:06:35 [INFO] --- Шаг 2: парсинг постов ---
25.02.2026 19:06:35 [ERROR] [posts] Нет активного дня в таблице days
25.02.2026 19:06:35 [INFO] ==================================================
25.02.2026 19:06:35 [INFO] Готово. Новых ссылок: 23, постов в очереди: 0
25.02.2026 19:06:35 [INFO] ==================================================
25.02.2026 19:07:25 [INFO] ==================================================
25.02.2026 19:07:25 [INFO] Запуск парсера inkstory.net
25.02.2026 19:07:25 [INFO] ==================================================
25.02.2026 19:07:25 [INFO] --- Шаг 1: сбор ссылок ---
25.02.2026 19:07:25 [INFO] [links] Известных ссылок: 1, в блэклисте: 0
25.02.2026 19:07:25 [DEBUG] [links] Запрашиваем страницу 0
25.02.2026 19:07:27 [DEBUG] [links] Запрашиваем страницу 1
25.02.2026 19:07:27 [INFO] [links] Дошли до известной ссылки: https://inkstory.net/discussion/48e6d50e-396c-435f-b772-d4214e97e4d1
25.02.2026 19:07:27 [INFO] [links] Сохранено новых ссылок: 23
25.02.2026 19:07:27 [INFO] --- Шаг 2: парсинг постов ---
25.02.2026 19:07:27 [INFO] [posts] Ссылок для парсинга: 24, день: 1
25.02.2026 19:07:27 [DEBUG] [posts] [1/24] https://inkstory.net/discussion/48e6d50e-396c-435f-b772-d4214e97e4d1
25.02.2026 19:07:28 [INFO] [posts] Сохранён: SSGIN — https://inkstory.net/discussion/48e6d50e-396c-435f-b772-d4214e97e4d1 (50 слов)
25.02.2026 19:07:29 [DEBUG] [posts] [2/24] https://inkstory.net/discussion/bbfdb7ce-b27c-4549-a051-ed0ddd7b219c
25.02.2026 19:07:30 [INFO] [posts] Сохранён: Attaker — https://inkstory.net/discussion/bbfdb7ce-b27c-4549-a051-ed0ddd7b219c (78 слов)
25.02.2026 19:07:31 [DEBUG] [posts] [3/24] https://inkstory.net/discussion/d391e897-dd98-41c0-8ac3-e0fcc8cd4cd6
25.02.2026 19:07:32 [INFO] [posts] Сохранён: 𝕋•Nion[SH] — https://inkstory.net/discussion/d391e897-dd98-41c0-8ac3-e0fcc8cd4cd6 (97 слов)
25.02.2026 19:07:33 [DEBUG] [posts] [4/24] https://inkstory.net/discussion/f3d27be4-6f32-4942-8422-e131fcd77726
25.02.2026 19:07:34 [INFO] [posts] Сохранён: серая роза — https://inkstory.net/discussion/f3d27be4-6f32-4942-8422-e131fcd77726 (112 слов)
25.02.2026 19:07:35 [DEBUG] [posts] [5/24] https://inkstory.net/discussion/811fead1-409a-4a63-80bb-86075d8e5a8d
25.02.2026 19:07:36 [INFO] [posts] Сохранён: aliqyhok — https://inkstory.net/discussion/811fead1-409a-4a63-80bb-86075d8e5a8d (158 слов)
25.02.2026 19:07:37 [DEBUG] [posts] [6/24] https://inkstory.net/discussion/22a14055-471d-4664-8dc1-ef501ddde83f
25.02.2026 19:07:38 [INFO] [posts] Сохранён: MIICHKA — https://inkstory.net/discussion/22a14055-471d-4664-8dc1-ef501ddde83f (61 слов)
25.02.2026 19:07:39 [DEBUG] [posts] [7/24] https://inkstory.net/discussion/4b29d994-56b9-4bb7-b498-aca0b702a4ec
25.02.2026 19:07:40 [INFO] [posts] Сохранён: player_nur [XP,SH] — https://inkstory.net/discussion/4b29d994-56b9-4bb7-b498-aca0b702a4ec (128 слов)
25.02.2026 19:07:41 [DEBUG] [posts] [8/24] https://inkstory.net/discussion/e08a3a10-74cf-440f-93ed-1c5651d7aac9
25.02.2026 19:07:42 [INFO] [posts] Сохранён: MIICHKA — https://inkstory.net/discussion/e08a3a10-74cf-440f-93ed-1c5651d7aac9 (21 слов)
25.02.2026 19:07:43 [DEBUG] [posts] [9/24] https://inkstory.net/discussion/b63ea5c0-d05a-4083-9986-dbb9647d3d22
25.02.2026 19:07:44 [INFO] [posts] Сохранён: marianne🌺 — https://inkstory.net/discussion/b63ea5c0-d05a-4083-9986-dbb9647d3d22 (64 слов)
25.02.2026 19:07:45 [DEBUG] [posts] [10/24] https://inkstory.net/discussion/dca39907-7129-4cdc-be4c-58d923346f9d
25.02.2026 19:07:46 [INFO] [posts] Сохранён: Mity_Kabanchik — https://inkstory.net/discussion/dca39907-7129-4cdc-be4c-58d923346f9d (82 слов)
25.02.2026 19:07:47 [DEBUG] [posts] [11/24] https://inkstory.net/discussion/7feeebd8-bb69-4b1a-8f4d-f9ad8b7c6c35
25.02.2026 19:07:48 [INFO] [posts] Сохранён: PLAZMA[PZ] — https://inkstory.net/discussion/7feeebd8-bb69-4b1a-8f4d-f9ad8b7c6c35 (164 слов)
25.02.2026 19:07:49 [DEBUG] [posts] [12/24] https://inkstory.net/discussion/cd47e81f-ef90-40f3-b290-3d86b58a71f7
25.02.2026 19:07:50 [INFO] [posts] Сохранён: Histrionic — https://inkstory.net/discussion/cd47e81f-ef90-40f3-b290-3d86b58a71f7 (141 слов)
25.02.2026 19:07:52 [DEBUG] [posts] [13/24] https://inkstory.net/discussion/116f3c5a-4d67-4419-91de-8132df38bac5
25.02.2026 19:07:52 [INFO] [posts] Сохранён: Mity_Kabanchik — https://inkstory.net/discussion/116f3c5a-4d67-4419-91de-8132df38bac5 (243 слов)
25.02.2026 19:07:53 [DEBUG] [posts] [14/24] https://inkstory.net/discussion/5186a409-fa98-4af1-8f47-922bddc7602a
25.02.2026 19:07:54 [INFO] [posts] Сохранён: hentai top — https://inkstory.net/discussion/5186a409-fa98-4af1-8f47-922bddc7602a (15 слов)
25.02.2026 19:07:55 [DEBUG] [posts] [15/24] https://inkstory.net/discussion/573fa1c8-c115-4c57-92df-c698b7c0801d
25.02.2026 19:07:56 [INFO] [posts] Сохранён: Attaker — https://inkstory.net/discussion/573fa1c8-c115-4c57-92df-c698b7c0801d (54 слов)
25.02.2026 19:07:57 [DEBUG] [posts] [16/24] https://inkstory.net/discussion/b45598e6-8d37-44fa-96ef-5862fda1cd69
25.02.2026 19:07:58 [INFO] [posts] Сохранён: Mr.Yuseol — https://inkstory.net/discussion/b45598e6-8d37-44fa-96ef-5862fda1cd69 (30 слов)
25.02.2026 19:07:59 [DEBUG] [posts] [17/24] https://inkstory.net/discussion/3d2e6d24-c681-44d0-87f8-7c6e263edcec
25.02.2026 19:08:00 [INFO] [posts] Сохранён: aliqyhok — https://inkstory.net/discussion/3d2e6d24-c681-44d0-87f8-7c6e263edcec (51 слов)
25.02.2026 19:08:01 [DEBUG] [posts] [18/24] https://inkstory.net/discussion/1454e8ac-eb2f-4829-9021-ce3eb8f69ce3
25.02.2026 19:08:02 [INFO] [posts] Сохранён: Iviliel — https://inkstory.net/discussion/1454e8ac-eb2f-4829-9021-ce3eb8f69ce3 (258 слов)
25.02.2026 19:08:03 [DEBUG] [posts] [19/24] https://inkstory.net/discussion/91c3477b-c402-4ff9-8553-bab24e3a19c0
25.02.2026 19:08:04 [INFO] [posts] Сохранён: MIICHKA — https://inkstory.net/discussion/91c3477b-c402-4ff9-8553-bab24e3a19c0 (28 слов)
25.02.2026 19:08:05 [DEBUG] [posts] [20/24] https://inkstory.net/discussion/c2b928f5-c5a4-4617-9218-ea185b29b44d
25.02.2026 19:08:06 [INFO] [posts] Сохранён: Reader[Зависимый] — https://inkstory.net/discussion/c2b928f5-c5a4-4617-9218-ea185b29b44d (69 слов)
25.02.2026 19:08:07 [DEBUG] [posts] [21/24] https://inkstory.net/discussion/76a032b9-4f7e-424d-a48e-cb7610cbb857
25.02.2026 19:08:08 [INFO] [posts] Сохранён: MIICHKA — https://inkstory.net/discussion/76a032b9-4f7e-424d-a48e-cb7610cbb857 (0 слов)
25.02.2026 19:08:09 [DEBUG] [posts] [22/24] https://inkstory.net/discussion/0b08259d-6192-42c5-a1ba-6767a1f7aef0
25.02.2026 19:08:10 [INFO] [posts] Сохранён: 金孜亞庫 🍵(Kinzyaku) — https://inkstory.net/discussion/0b08259d-6192-42c5-a1ba-6767a1f7aef0 (15 слов)
25.02.2026 19:08:11 [DEBUG] [posts] [23/24] https://inkstory.net/discussion/866e6009-455c-40cd-ab89-1b75254a98b4
25.02.2026 19:08:12 [INFO] [posts] Сохранён: Сисидна — https://inkstory.net/discussion/866e6009-455c-40cd-ab89-1b75254a98b4 (61 слов)
25.02.2026 19:08:14 [DEBUG] [posts] [24/24] https://inkstory.net/discussion/1d5a3c24-f545-48cb-b9da-ef9f57a9f6ba
25.02.2026 19:08:14 [INFO] [posts] Сохранён: Хихидна — https://inkstory.net/discussion/1d5a3c24-f545-48cb-b9da-ef9f57a9f6ba (66 слов)
25.02.2026 19:08:16 [INFO] [posts] Готово. Новых постов в очереди: 24
25.02.2026 19:08:16 [INFO] ==================================================
25.02.2026 19:08:16 [INFO] Готово. Новых ссылок: 23, постов в очереди: 24
25.02.2026 19:08:16 [INFO] ==================================================
25.02.2026 19:49:54 [INFO] ==================================================
25.02.2026 19:49:54 [INFO] Бот запущен
25.02.2026 19:49:54 [INFO] ==================================================
25.02.2026 19:51:25 [INFO] ==================================================
25.02.2026 19:51:25 [INFO] Бот запущен
25.02.2026 19:51:25 [INFO] ==================================================
25.02.2026 19:51:25 [INFO] [scheduler] Автопарсер каждые 30 мин, финальный в 23:55, смена дня в 00:01
25.02.2026 19:51:59 [INFO] [next] kit3ykpaini взял пост #10 — https://inkstory.net/discussion/dca39907-7129-4cdc-be4c-58d923346f9d
25.02.2026 19:52:25 [INFO] [job] Автозапуск парсера
25.02.2026 19:52:25 [INFO] ==================================================
25.02.2026 19:52:25 [INFO] Запуск парсера inkstory.net
25.02.2026 19:52:25 [INFO] ==================================================
25.02.2026 19:52:25 [INFO] --- Шаг 1: сбор ссылок ---
25.02.2026 19:52:25 [INFO] [links] Известных ссылок: 64, в блэклисте: 4
25.02.2026 19:52:25 [DEBUG] [links] Запрашиваем страницу 0
25.02.2026 19:52:27 [INFO] [links] Дошли до известной ссылки: https://inkstory.net/discussion/bbfdb7ce-b27c-4549-a051-ed0ddd7b219c
25.02.2026 19:52:27 [INFO] [links] Сохранено новых ссылок: 1
25.02.2026 19:52:27 [INFO] --- Шаг 2: парсинг постов ---
25.02.2026 19:52:27 [INFO] [posts] Ссылок для парсинга: 1, день: 3
25.02.2026 19:52:27 [DEBUG] [posts] [1/1] https://inkstory.net/discussion/cb906fc7-3562-4517-91f3-6bc678c0f57a
25.02.2026 19:52:29 [INFO] [cancel] kit3ykpaini отменил пост #10
25.02.2026 19:52:42 [ERROR] [posts] Ошибка запроса https://inkstory.net/discussion/cb906fc7-3562-4517-91f3-6bc678c0f57a: HTTPSConnectionPool(host='inkstory.net', port=443): Max retries exceeded with url: /discussion/cb906fc7-3562-4517-91f3-6bc678c0f57a (Caused by ConnectTimeoutError(<HTTPSConnection(host='inkstory.net', port=443) at 0x2115031b890>, 'Connection to inkstory.net timed out. (connect timeout=15)'))
25.02.2026 19:52:42 [INFO] [posts] Готово. Новых постов в очереди: 0
25.02.2026 19:52:42 [INFO] ==================================================
25.02.2026 19:52:42 [INFO] Готово. Новых ссылок: 1, постов в очереди: 0
25.02.2026 19:52:42 [INFO] ==================================================
25.02.2026 19:52:42 [INFO] [parser] Готово. Новых постов: 0, в очереди: 24
25.02.2026 19:52:49 [INFO] [admin] kit3ykpaini открыл панель
25.02.2026 19:52:50 [INFO] [admin:kit3ykpaini] Статистика
25.02.2026 19:52:52 [INFO] [admin:kit3ykpaini] Очередь
25.02.2026 19:52:54 [INFO] [admin:kit3ykpaini] Проверяющие
25.02.2026 19:53:00 [INFO] [admin:kit3ykpaini] Проверяющие
25.02.2026 19:53:02 [INFO] [admin:kit3ykpaini] Логи
25.02.2026 19:58:05 [INFO] ==================================================
25.02.2026 19:58:05 [INFO] Бот запущен
25.02.2026 19:58:05 [INFO] ==================================================
25.02.2026 19:58:05 [INFO] [scheduler] Автопарсер каждые 30 мин, финальный в 23:55, смена дня в 00:01
25.02.2026 19:58:05 [INFO] [next] kit3ykpaini взял пост #22 — https://inkstory.net/discussion/0b08259d-6192-42c5-a1ba-6767a1f7aef0
25.02.2026 19:58:11 [INFO] [reject] kit3ykpaini → #22: few_words
25.02.2026 19:58:13 [INFO] [next] kit3ykpaini взял пост #4 — https://inkstory.net/discussion/f3d27be4-6f32-4942-8422-e131fcd77726
25.02.2026 19:58:33 [INFO] [skip] kit3ykpaini → #4: проверка
25.02.2026 19:58:41 [INFO] [next] kit3ykpaini взял пост #8 — https://inkstory.net/discussion/e08a3a10-74cf-440f-93ed-1c5651d7aac9
25.02.2026 19:58:49 [INFO] [reject] kit3ykpaini → #8: ai_used
25.02.2026 19:58:50 [INFO] [next] kit3ykpaini взял пост #20 — https://inkstory.net/discussion/c2b928f5-c5a4-4617-9218-ea185b29b44d
25.02.2026 19:58:58 [INFO] [cancel] kit3ykpaini отменил пост #20
25.02.2026 19:59:01 [INFO] [next] kit3ykpaini взял пост #4 — https://inkstory.net/discussion/f3d27be4-6f32-4942-8422-e131fcd77726
25.02.2026 19:59:05 [INFO] [cancel] kit3ykpaini отменил пост #4
25.02.2026 19:59:05 [INFO] [job] Автозапуск парсера
25.02.2026 19:59:05 [INFO] ==================================================
25.02.2026 19:59:05 [INFO] Запуск парсера inkstory.net
25.02.2026 19:59:05 [INFO] ==================================================
25.02.2026 19:59:05 [INFO] --- Шаг 1: сбор ссылок ---
25.02.2026 19:59:05 [INFO] [links] Известных ссылок: 65, в блэклисте: 4
25.02.2026 19:59:05 [DEBUG] [links] Запрашиваем страницу 0
25.02.2026 19:59:06 [INFO] [links] Дошли до известной ссылки: https://inkstory.net/discussion/cb906fc7-3562-4517-91f3-6bc678c0f57a
25.02.2026 19:59:06 [INFO] [links] Новых ссылок нет
25.02.2026 19:59:06 [INFO] --- Шаг 2: парсинг постов ---
25.02.2026 19:59:06 [INFO] [posts] Ссылок для парсинга: 0, день: 3
25.02.2026 19:59:06 [INFO] [posts] Готово. Новых постов в очереди: 0
25.02.2026 19:59:06 [INFO] ==================================================
25.02.2026 19:59:06 [INFO] Готово. Новых ссылок: 0, постов в очереди: 0
25.02.2026 19:59:06 [INFO] ==================================================
25.02.2026 19:59:06 [INFO] [parser] Готово. Новых постов: 0, в очереди: 22
25.02.2026 19:59:06 [INFO] [next] kit3ykpaini взял пост #13 — https://inkstory.net/discussion/116f3c5a-4d67-4419-91de-8132df38bac5
25.02.2026 19:59:08 [INFO] [cancel] kit3ykpaini отменил пост #13
25.02.2026 19:59:09 [INFO] [next] kit3ykpaini взял пост #4 — https://inkstory.net/discussion/f3d27be4-6f32-4942-8422-e131fcd77726
25.02.2026 19:59:12 [INFO] [cancel] kit3ykpaini отменил пост #4
25.02.2026 19:59:14 [INFO] [next] kit3ykpaini взял пост #1 — https://inkstory.net/discussion/48e6d50e-396c-435f-b772-d4214e97e4d1
25.02.2026 19:59:49 [INFO] [cancel] kit3ykpaini отменил пост #1
25.02.2026 21:11:26 [INFO] ==================================================
25.02.2026 21:11:26 [INFO] Запуск парсера inkstory.net
25.02.2026 21:11:26 [INFO] ==================================================
25.02.2026 21:11:26 [INFO] --- Шаг 1: сбор ссылок ---
25.02.2026 21:11:26 [INFO] [links] Известных ссылок: 65, в блэклисте: 4
25.02.2026 21:11:26 [DEBUG] [links] Запрашиваем страницу 0
25.02.2026 21:11:26 [INFO] [links] Дошли до известной ссылки: https://inkstory.net/discussion/cb906fc7-3562-4517-91f3-6bc678c0f57a
25.02.2026 21:11:26 [INFO] [links] Сохранено новых ссылок: 1
25.02.2026 21:11:26 [INFO] --- Шаг 2: парсинг постов ---
25.02.2026 21:11:26 [INFO] [posts] Ссылок для парсинга: 1, день: 3
25.02.2026 21:11:26 [DEBUG] [posts] [1/1] https://inkstory.net/discussion/c2d3ffd4-44a6-49ae-9b4f-aa78f9dfed7e
25.02.2026 21:11:27 [INFO] [posts] Сохранён: [AZTL]Alenik[XP] — https://inkstory.net/discussion/c2d3ffd4-44a6-49ae-9b4f-aa78f9dfed7e (32 слов)
25.02.2026 21:11:28 [INFO] [posts] Готово. Новых постов в очереди: 1
25.02.2026 21:11:28 [INFO] ==================================================
25.02.2026 21:11:28 [INFO] Готово. Новых ссылок: 1, постов в очереди: 1
25.02.2026 21:11:28 [INFO] ==================================================
25.02.2026 21:11:46 [INFO] ==================================================
25.02.2026 21:11:46 [INFO] Бот запущен
25.02.2026 21:11:46 [INFO] ==================================================
25.02.2026 21:11:46 [INFO] [scheduler] Автопарсер каждые 30 мин, финальный в 23:55, смена дня в 00:01
25.02.2026 21:12:46 [INFO] [job] Автозапуск парсера
25.02.2026 21:12:48 [INFO] ==================================================
25.02.2026 21:12:48 [INFO] Запуск парсера inkstory.net
25.02.2026 21:12:48 [INFO] ==================================================
25.02.2026 21:12:48 [INFO] --- Шаг 1: сбор ссылок ---
25.02.2026 21:12:48 [INFO] [links] Известных ссылок: 66, в блэклисте: 4
25.02.2026 21:12:48 [DEBUG] [links] Запрашиваем страницу 0
25.02.2026 21:12:48 [INFO] [links] Дошли до известной ссылки: https://inkstory.net/discussion/c2d3ffd4-44a6-49ae-9b4f-aa78f9dfed7e
25.02.2026 21:12:48 [INFO] [links] Новых ссылок нет
25.02.2026 21:12:48 [INFO] --- Шаг 2: парсинг постов ---
25.02.2026 21:12:48 [INFO] [posts] Ссылок для парсинга: 0, день: 3
25.02.2026 21:12:48 [INFO] [posts] Готово. Новых постов в очереди: 0
25.02.2026 21:12:48 [INFO] ==================================================
25.02.2026 21:12:48 [INFO] Готово. Новых ссылок: 0, постов в очереди: 0
25.02.2026 21:12:48 [INFO] ==================================================
25.02.2026 21:12:48 [INFO] [parser] Готово. Новых постов: 0, в очереди: 23
25.02.2026 21:14:42 [INFO] [admin] kit3ykpaini открыл панель
25.02.2026 21:16:36 [INFO] ==================================================
25.02.2026 21:16:36 [INFO] Бот запущен
25.02.2026 21:16:36 [INFO] ==================================================
25.02.2026 21:16:37 [INFO] [scheduler] Автопарсер каждые 30 мин, финальный в 23:55, смена дня в 00:01
25.02.2026 21:16:37 [INFO] [next] BALAPANPRO взял пост #12 — https://inkstory.net/discussion/cd47e81f-ef90-40f3-b290-3d86b58a71f7
25.02.2026 21:16:37 [INFO] [next] kit3ykpaini взял пост #16 — https://inkstory.net/discussion/b45598e6-8d37-44fa-96ef-5862fda1cd69
25.02.2026 21:16:37 [INFO] [admin] kit3ykpaini открыл панель
25.02.2026 21:16:52 [INFO] [reject] kit3ykpaini → #16: few_words
25.02.2026 21:17:37 [INFO] [job] Автозапуск парсера
25.02.2026 21:17:38 [INFO] ==================================================
25.02.2026 21:17:38 [INFO] Запуск парсера inkstory.net
25.02.2026 21:17:38 [INFO] ==================================================
25.02.2026 21:17:38 [INFO] --- Шаг 1: сбор ссылок ---
25.02.2026 21:17:38 [INFO] [links] Известных ссылок: 66, в блэклисте: 4
25.02.2026 21:17:38 [DEBUG] [links] Запрашиваем страницу 0
25.02.2026 21:17:38 [INFO] [links] Дошли до известной ссылки: https://inkstory.net/discussion/c2d3ffd4-44a6-49ae-9b4f-aa78f9dfed7e
25.02.2026 21:17:38 [INFO] [links] Новых ссылок нет
25.02.2026 21:17:38 [INFO] --- Шаг 2: парсинг постов ---
25.02.2026 21:17:38 [INFO] [posts] Ссылок для парсинга: 0, день: 3
25.02.2026 21:17:38 [INFO] [posts] Готово. Новых постов в очереди: 0
25.02.2026 21:17:38 [INFO] ==================================================
25.02.2026 21:17:38 [INFO] Готово. Новых ссылок: 0, постов в очереди: 0
25.02.2026 21:17:38 [INFO] ==================================================
25.02.2026 21:17:38 [INFO] [parser] Готово. Новых постов: 0, в очереди: 22
25.02.2026 21:39:07 [INFO] [admin] kit3ykpaini открыл панель
25.02.2026 21:39:10 [INFO] [admin:kit3ykpaini] Статистика
25.02.2026 21:39:12 [INFO] [admin:kit3ykpaini] Проверяющие
25.02.2026 21:39:37 [INFO] [next] kit3ykpaini взял пост #13 — https://inkstory.net/discussion/116f3c5a-4d67-4419-91de-8132df38bac5
25.02.2026 21:39:43 [INFO] [cancel] kit3ykpaini отменил пост #13
25.02.2026 21:39:46 [INFO] [next] kit3ykpaini взял пост #9 — https://inkstory.net/discussion/b63ea5c0-d05a-4083-9986-dbb9647d3d22
25.02.2026 21:39:48 [INFO] [cancel] kit3ykpaini отменил пост #9
25.02.2026 21:39:49 [INFO] [next] kit3ykpaini взял пост #9 — https://inkstory.net/discussion/b63ea5c0-d05a-4083-9986-dbb9647d3d22
25.02.2026 21:39:51 [INFO] [cancel] kit3ykpaini отменил пост #9
25.02.2026 21:39:53 [INFO] [next] kit3ykpaini взял пост #18 — https://inkstory.net/discussion/1454e8ac-eb2f-4829-9021-ce3eb8f69ce3
25.02.2026 21:39:55 [INFO] [cancel] kit3ykpaini отменил пост #18
25.02.2026 21:39:56 [INFO] [next] kit3ykpaini взял пост #24 — https://inkstory.net/discussion/1d5a3c24-f545-48cb-b9da-ef9f57a9f6ba
25.02.2026 21:39:59 [INFO] [cancel] kit3ykpaini отменил пост #24
25.02.2026 21:40:02 [INFO] [next] kit3ykpaini взял пост #7 — https://inkstory.net/discussion/4b29d994-56b9-4bb7-b498-aca0b702a4ec
25.02.2026 21:40:04 [INFO] [cancel] kit3ykpaini отменил пост #7
25.02.2026 21:40:05 [INFO] [next] kit3ykpaini взял пост #23 — https://inkstory.net/discussion/866e6009-455c-40cd-ab89-1b75254a98b4
25.02.2026 21:40:08 [INFO] [cancel] kit3ykpaini отменил пост #23
25.02.2026 21:40:15 [INFO] [next] kit3ykpaini взял пост #2 — https://inkstory.net/discussion/bbfdb7ce-b27c-4549-a051-ed0ddd7b219c
25.02.2026 21:40:17 [INFO] [next] kit3ykpaini взял пост #18 — https://inkstory.net/discussion/1454e8ac-eb2f-4829-9021-ce3eb8f69ce3
25.02.2026 21:40:21 [INFO] [cancel] kit3ykpaini отменил пост #18
25.02.2026 21:43:35 [INFO] [next] kit3ykpaini взял пост #9 — https://inkstory.net/discussion/b63ea5c0-d05a-4083-9986-dbb9647d3d22
25.02.2026 21:43:37 [INFO] [reject] kit3ykpaini → #9: few_words
25.02.2026 21:45:44 [INFO] ==================================================
25.02.2026 21:45:44 [INFO] Запуск парсера inkstory.net
25.02.2026 21:45:44 [INFO] ==================================================
25.02.2026 21:45:44 [INFO] --- Шаг 1: сбор ссылок ---
25.02.2026 21:45:44 [INFO] [links] Известных ссылок: 66, в блэклисте: 4
25.02.2026 21:45:44 [DEBUG] [links] Запрашиваем страницу 0
25.02.2026 21:45:45 [INFO] [links] Дошли до известной ссылки: https://inkstory.net/discussion/c2d3ffd4-44a6-49ae-9b4f-aa78f9dfed7e
25.02.2026 21:45:45 [INFO] [links] Новых ссылок нет
25.02.2026 21:45:45 [INFO] --- Шаг 2: парсинг постов ---
25.02.2026 21:45:45 [INFO] [posts] Ссылок для парсинга: 0, день: 3
25.02.2026 21:45:45 [INFO] [posts] Готово. Новых постов в очереди: 0
25.02.2026 21:45:45 [INFO] ==================================================
25.02.2026 21:45:45 [INFO] Готово. Новых ссылок: 0, постов в очереди: 0
25.02.2026 21:45:45 [INFO] ==================================================
25.02.2026 21:47:37 [INFO] [job] Автозапуск парсера
25.02.2026 21:47:38 [INFO] ==================================================
25.02.2026 21:47:38 [INFO] Запуск парсера inkstory.net
25.02.2026 21:47:38 [INFO] ==================================================
25.02.2026 21:47:38 [INFO] --- Шаг 1: сбор ссылок ---
25.02.2026 21:47:38 [INFO] [links] Известных ссылок: 66, в блэклисте: 4
25.02.2026 21:47:38 [DEBUG] [links] Запрашиваем страницу 0
25.02.2026 21:47:38 [INFO] [links] Дошли до известной ссылки: https://inkstory.net/discussion/c2d3ffd4-44a6-49ae-9b4f-aa78f9dfed7e
25.02.2026 21:47:38 [INFO] [links] Новых ссылок нет
25.02.2026 21:47:38 [INFO] --- Шаг 2: парсинг постов ---
25.02.2026 21:47:38 [INFO] [posts] Ссылок для парсинга: 0, день: 3
25.02.2026 21:47:38 [INFO] [posts] Готово. Новых постов в очереди: 0
25.02.2026 21:47:38 [INFO] ==================================================
25.02.2026 21:47:38 [INFO] Готово. Новых ссылок: 0, постов в очереди: 0
25.02.2026 21:47:38 [INFO] ==================================================
25.02.2026 21:47:38 [INFO] [parser] Готово. Новых постов: 0, в очереди: 21
25.02.2026 21:54:25 [INFO] ==================================================
25.02.2026 21:54:25 [INFO] Бот запущен
25.02.2026 21:54:25 [INFO] ==================================================
25.02.2026 21:54:25 [INFO] [scheduler] Автопарсер каждые 30 мин, финальный в 23:55, смена дня в 00:01
25.02.2026 21:55:39 [INFO] ==================================================
25.02.2026 21:55:39 [INFO] Бот запущен
25.02.2026 21:55:39 [INFO] ==================================================
25.02.2026 21:55:40 [INFO] [scheduler] Автопарсер каждые 30 мин, финальный в 23:55, смена дня в 00:01
25.02.2026 21:56:40 [INFO] [job] Автозапуск парсера
25.02.2026 21:56:41 [INFO] ==================================================
25.02.2026 21:56:41 [INFO] Запуск парсера inkstory.net
25.02.2026 21:56:41 [INFO] ==================================================
25.02.2026 21:56:41 [INFO] --- Шаг 1: сбор ссылок ---
25.02.2026 21:56:41 [INFO] [links] Известных ссылок: 63, в блэклисте: 4
25.02.2026 21:56:41 [DEBUG] [links] Запрашиваем страницу 0
25.02.2026 21:56:41 [INFO] [links] Дошли до известной ссылки: https://inkstory.net/discussion/f3d27be4-6f32-4942-8422-e131fcd77726
25.02.2026 21:56:41 [INFO] [links] Сохранено новых ссылок: 4
25.02.2026 21:56:41 [INFO] --- Шаг 2: парсинг постов ---
25.02.2026 21:56:41 [INFO] [posts] Ссылок для парсинга: 4, день: 3
25.02.2026 21:56:41 [DEBUG] [posts] [1/4] https://inkstory.net/discussion/c2d3ffd4-44a6-49ae-9b4f-aa78f9dfed7e
25.02.2026 21:56:42 [INFO] [posts] Сохранён: [AZTL]Alenik[XP] — https://inkstory.net/discussion/c2d3ffd4-44a6-49ae-9b4f-aa78f9dfed7e (32 слов)
25.02.2026 21:56:44 [DEBUG] [posts] [2/4] https://inkstory.net/discussion/cb906fc7-3562-4517-91f3-6bc678c0f57a
25.02.2026 21:56:44 [INFO] [posts] Сохранён: Хихидна — https://inkstory.net/discussion/cb906fc7-3562-4517-91f3-6bc678c0f57a (133 слов)
25.02.2026 21:56:46 [DEBUG] [posts] [3/4] https://inkstory.net/discussion/bbfdb7ce-b27c-4549-a051-ed0ddd7b219c
25.02.2026 21:56:46 [INFO] [posts] Сохранён: Attaker — https://inkstory.net/discussion/bbfdb7ce-b27c-4549-a051-ed0ddd7b219c (78 слов)
25.02.2026 21:56:48 [DEBUG] [posts] [4/4] https://inkstory.net/discussion/d391e897-dd98-41c0-8ac3-e0fcc8cd4cd6
25.02.2026 21:56:48 [INFO] [posts] Сохранён: 𝕋•Nion[SH] — https://inkstory.net/discussion/d391e897-dd98-41c0-8ac3-e0fcc8cd4cd6 (97 слов)
25.02.2026 21:56:50 [INFO] [posts] Готово. Новых постов в очереди: 4
25.02.2026 21:56:50 [INFO] ==================================================
25.02.2026 21:56:50 [INFO] Готово. Новых ссылок: 4, постов в очереди: 4
25.02.2026 21:56:50 [INFO] ==================================================
25.02.2026 21:56:50 [INFO] [parser] Готово. Новых постов: 4, в очереди: 4
25.02.2026 21:56:51 [INFO] [job] Уведомлено жюри: 4/4
25.02.2026 21:57:03 [INFO] [next] Tamillar взял пост #125 — https://inkstory.net/discussion/d391e897-dd98-41c0-8ac3-e0fcc8cd4cd6
25.02.2026 21:57:15 [INFO] [next] latitude2 взял пост #122 — https://inkstory.net/discussion/c2d3ffd4-44a6-49ae-9b4f-aa78f9dfed7e
25.02.2026 21:57:27 [INFO] [reject] Tamillar → #125: reject_post
25.02.2026 21:57:43 [INFO] [reject] latitude2 → #122: few_words
25.02.2026 21:57:46 [INFO] [next] latitude2 взял пост #124 — https://inkstory.net/discussion/bbfdb7ce-b27c-4549-a051-ed0ddd7b219c
25.02.2026 21:59:21 [INFO] [check] latitude2 → #124: слов=78, ошибок=1
25.02.2026 22:01:58 [INFO] [admin] kit3ykpaini открыл панель
25.02.2026 22:02:00 [INFO] [admin:kit3ykpaini] Проверяющие
25.02.2026 22:02:50 [INFO] [next] latitude2 взял пост #123 — https://inkstory.net/discussion/cb906fc7-3562-4517-91f3-6bc678c0f57a
25.02.2026 22:04:33 [INFO] [check] latitude2 → #123: слов=133, ошибок=3
25.02.2026 22:11:09 [INFO] ==================================================
25.02.2026 22:11:09 [INFO] Бот запущен
25.02.2026 22:11:09 [INFO] ==================================================
25.02.2026 22:11:10 [INFO] [scheduler] Автопарсер каждые 30 мин, финальный в 23:55, смена дня в 00:01
25.02.2026 22:11:32 [INFO] [next] Tamillar взял пост #125 — https://inkstory.net/discussion/d391e897-dd98-41c0-8ac3-e0fcc8cd4cd6
25.02.2026 22:12:10 [INFO] [job] Автозапуск парсера
25.02.2026 22:12:11 [INFO] ==================================================
25.02.2026 22:12:11 [INFO] Запуск парсера inkstory.net
25.02.2026 22:12:11 [INFO] ==================================================
25.02.2026 22:12:11 [INFO] --- Шаг 1: сбор ссылок ---
25.02.2026 22:12:11 [INFO] [links] Известных ссылок: 67, в блэклисте: 4
25.02.2026 22:12:11 [DEBUG] [links] Запрашиваем страницу 0
25.02.2026 22:12:11 [INFO] [links] Дошли до известной ссылки: https://inkstory.net/discussion/c2d3ffd4-44a6-49ae-9b4f-aa78f9dfed7e
25.02.2026 22:12:11 [INFO] [links] Новых ссылок нет
25.02.2026 22:12:11 [INFO] --- Шаг 2: парсинг постов ---
25.02.2026 22:12:11 [INFO] [posts] Ссылок для парсинга: 0, день: 3
25.02.2026 22:12:11 [INFO] [posts] Готово. Новых постов в очереди: 0
25.02.2026 22:12:11 [INFO] ==================================================
25.02.2026 22:12:11 [INFO] Готово. Новых ссылок: 0, постов в очереди: 0
25.02.2026 22:12:11 [INFO] ==================================================
25.02.2026 22:12:11 [INFO] [parser] Готово. Новых постов: 0, в очереди: 1
25.02.2026 22:12:47 [INFO] [check] Tamillar → #125: слов=97, ошибок=12
25.02.2026 22:15:34 [INFO] [admin] kit3ykpaini открыл панель
25.02.2026 22:15:36 [INFO] [admin:kit3ykpaini] Проверяющие
25.02.2026 22:25:33 [INFO] [admin] kit3ykpaini открыл панель
25.02.2026 22:27:55 [INFO] [admin] kit3ykpaini открыл панель
25.02.2026 22:27:57 [INFO] [admin:kit3ykpaini] Логи
25.02.2026 22:27:58 [INFO] [admin:kit3ykpaini] Логи (50 строк)
25.02.2026 22:28:07 [INFO] [register] MicoelPZ1 (1554441570) → https://inkstory.net/user/c0a1077e-29c5-4d17-ae30-bf808c8588f5
25.02.2026 22:28:31 [INFO] [admin] kit3ykpaini открыл панель
25.02.2026 22:28:36 [INFO] [admin:kit3ykpaini] Логи
25.02.2026 22:28:37 [INFO] [admin:kit3ykpaini] Логи (50 строк)
25.02.2026 22:42:10 [INFO] [job] Автозапуск парсера
25.02.2026 22:42:11 [INFO] ==================================================
25.02.2026 22:42:11 [INFO] Запуск парсера inkstory.net
25.02.2026 22:42:11 [INFO] ==================================================
25.02.2026 22:42:11 [INFO] --- Шаг 1: сбор ссылок ---
25.02.2026 22:42:11 [INFO] [links] Известных ссылок: 67, в блэклисте: 4
25.02.2026 22:42:11 [DEBUG] [links] Запрашиваем страницу 0
25.02.2026 22:42:11 [INFO] [links] Дошли до известной ссылки: https://inkstory.net/discussion/c2d3ffd4-44a6-49ae-9b4f-aa78f9dfed7e
25.02.2026 22:42:11 [INFO] [links] Новых ссылок нет
25.02.2026 22:42:11 [INFO] --- Шаг 2: парсинг постов ---
25.02.2026 22:42:11 [INFO] [posts] Ссылок для парсинга: 0, день: 3
25.02.2026 22:42:11 [INFO] [posts] Готово. Новых постов в очереди: 0
25.02.2026 22:42:11 [INFO] ==================================================
25.02.2026 22:42:11 [INFO] Готово. Новых ссылок: 0, постов в очереди: 0
25.02.2026 22:42:11 [INFO] ==================================================
25.02.2026 22:42:11 [INFO] [parser] Готово. Новых постов: 0, в очереди: 0
25.02.2026 22:48:29 [INFO] ==================================================
25.02.2026 22:48:29 [INFO] Бот запущен
25.02.2026 22:48:29 [INFO] ==================================================
25.02.2026 22:48:29 [INFO] [scheduler] Автопарсер каждые 30 мин, финальный в 23:55, смена дня в 00:01
25.02.2026 22:49:20 [INFO] [admin] kit3ykpaini открыл панель
25.02.2026 22:49:29 [INFO] [job] Автозапуск парсера
25.02.2026 22:49:30 [INFO] ==================================================
25.02.2026 22:49:30 [INFO] Запуск парсера inkstory.net
25.02.2026 22:49:30 [INFO] ==================================================
25.02.2026 22:49:30 [INFO] --- Шаг 1: сбор ссылок ---
25.02.2026 22:49:30 [INFO] [links] Известных ссылок: 67, в блэклисте: 4
25.02.2026 22:49:30 [DEBUG] [links] Запрашиваем страницу 0
25.02.2026 22:49:31 [INFO] [links] Дошли до известной ссылки: https://inkstory.net/discussion/c2d3ffd4-44a6-49ae-9b4f-aa78f9dfed7e
25.02.2026 22:49:31 [INFO] [links] Новых ссылок нет
25.02.2026 22:49:31 [INFO] --- Шаг 2: парсинг постов ---
25.02.2026 22:49:31 [INFO] [posts] Ссылок для парсинга: 0, день: 3
25.02.2026 22:49:31 [INFO] [posts] Готово. Новых постов в очереди: 0
25.02.2026 22:49:31 [INFO] ==================================================
25.02.2026 22:49:31 [INFO] Готово. Новых ссылок: 0, постов в очереди: 0
25.02.2026 22:49:31 [INFO] ==================================================
25.02.2026 22:49:31 [INFO] [parser] Готово. Новых постов: 0, в очереди: 0
25.02.2026 23:04:43 [INFO] [admin:kit3ykpaini] Логи
25.02.2026 23:04:44 [INFO] [admin:kit3ykpaini] Логи (200 строк)
25.02.2026 23:14:01 [INFO] [admin:kit3ykpaini] Логи (50 строк)
25.02.2026 23:19:29 [INFO] [job] Автозапуск парсера
25.02.2026 23:19:30 [INFO] ==================================================
25.02.2026 23:19:30 [INFO] Запуск парсера inkstory.net
25.02.2026 23:19:30 [INFO] ==================================================
25.02.2026 23:19:30 [INFO] --- Шаг 1: сбор ссылок ---
25.02.2026 23:19:30 [INFO] [links] Известных ссылок: 67, в блэклисте: 4
25.02.2026 23:19:30 [DEBUG] [links] Запрашиваем страницу 0
25.02.2026 23:19:31 [INFO] [links] Дошли до известной ссылки: https://inkstory.net/discussion/c2d3ffd4-44a6-49ae-9b4f-aa78f9dfed7e
25.02.2026 23:19:31 [INFO] [links] Сохранено новых ссылок: 1
25.02.2026 23:19:31 [INFO] --- Шаг 2: парсинг постов ---
25.02.2026 23:19:31 [INFO] [posts] Ссылок для парсинга: 1, день: 3
25.02.2026 23:19:31 [DEBUG] [posts] [1/1] https://inkstory.net/discussion/a95f8d7d-3997-4365-904c-abdd5e8fb933
25.02.2026 23:19:31 [INFO] [posts] Сохранён: vasa5656 — https://inkstory.net/discussion/a95f8d7d-3997-4365-904c-abdd5e8fb933 (31 слов)
25.02.2026 23:19:33 [INFO] [posts] Готово. Новых постов в очереди: 1
25.02.2026 23:19:33 [INFO] ==================================================
25.02.2026 23:19:33 [INFO] Готово. Новых ссылок: 1, постов в очереди: 1
25.02.2026 23:19:33 [INFO] ==================================================
25.02.2026 23:19:33 [INFO] [parser] Готово. Новых постов: 1, в очереди: 1
25.02.2026 23:19:34 [INFO] [job] Уведомлено жюри: 5/5
25.02.2026 23:20:59 [INFO] [next] kit3ykpaini взял пост #126 — https://inkstory.net/discussion/a95f8d7d-3997-4365-904c-abdd5e8fb933
25.02.2026 23:21:03 [INFO] [reject] kit3ykpaini → #126: few_words
25.02.2026 23:24:54 [INFO] ==================================================
25.02.2026 23:24:54 [INFO] Запуск парсера inkstory.net
25.02.2026 23:24:54 [INFO] ==================================================
25.02.2026 23:24:54 [INFO] --- Шаг 1: сбор ссылок ---
25.02.2026 23:24:54 [INFO] [links] Известных ссылок: 68, в блэклисте: 4
25.02.2026 23:24:54 [DEBUG] [links] Запрашиваем страницу 0
25.02.2026 23:24:54 [INFO] [links] Дошли до известной ссылки: https://inkstory.net/discussion/a95f8d7d-3997-4365-904c-abdd5e8fb933
25.02.2026 23:24:54 [INFO] [links] Сохранено новых ссылок: 1
25.02.2026 23:24:54 [INFO] --- Шаг 2: парсинг постов ---
25.02.2026 23:24:54 [INFO] [posts] Ссылок для парсинга: 1, день: 3
25.02.2026 23:24:54 [DEBUG] [posts] [1/1] https://inkstory.net/discussion/94ff6262-6645-4f80-94b7-1b1a929431e9
25.02.2026 23:24:55 [INFO] [posts] Сохранён: [PZ]Клевер — https://inkstory.net/discussion/94ff6262-6645-4f80-94b7-1b1a929431e9 (246 слов)
25.02.2026 23:24:57 [INFO] [posts] Готово. Новых постов в очереди: 1
25.02.2026 23:24:57 [INFO] ==================================================
25.02.2026 23:24:57 [INFO] Готово. Новых ссылок: 1, постов в очереди: 1
25.02.2026 23:24:57 [INFO] ==================================================
25.02.2026 23:25:21 [INFO] [next] kit3ykpaini взял пост #127 — https://inkstory.net/discussion/94ff6262-6645-4f80-94b7-1b1a929431e9
25.02.2026 23:25:34 [INFO] [cancel] kit3ykpaini отменил пост #127
25.02.2026 23:49:29 [INFO] [job] Автозапуск парсера
25.02.2026 23:49:30 [INFO] ==================================================
25.02.2026 23:49:30 [INFO] Запуск парсера inkstory.net
25.02.2026 23:49:30 [INFO] ==================================================
25.02.2026 23:49:30 [INFO] --- Шаг 1: сбор ссылок ---
25.02.2026 23:49:30 [INFO] [links] Известных ссылок: 69, в блэклисте: 4
25.02.2026 23:49:30 [DEBUG] [links] Запрашиваем страницу 0
25.02.2026 23:49:31 [INFO] [links] Дошли до известной ссылки: https://inkstory.net/discussion/94ff6262-6645-4f80-94b7-1b1a929431e9
25.02.2026 23:49:31 [INFO] [links] Новых ссылок нет
25.02.2026 23:49:31 [INFO] --- Шаг 2: парсинг постов ---
25.02.2026 23:49:31 [INFO] [posts] Ссылок для парсинга: 0, день: 3
25.02.2026 23:49:31 [INFO] [posts] Готово. Новых постов в очереди: 0
25.02.2026 23:49:31 [INFO] ==================================================
25.02.2026 23:49:31 [INFO] Готово. Новых ссылок: 0, постов в очереди: 0
25.02.2026 23:49:31 [INFO] ==================================================
25.02.2026 23:49:31 [INFO] [parser] Готово. Новых постов: 0, в очереди: 1
25.02.2026 23:59:07 [INFO] [next] kit3ykpaini взял пост #127 — https://inkstory.net/discussion/94ff6262-6645-4f80-94b7-1b1a929431e9
25.02.2026 23:59:10 [INFO] [cancel] kit3ykpaini отменил пост #127
