26.02.2026 00:14:18 [INFO] [next] MicoelPZ1 взял пост #127 — https://inkstory.net/discussion/94ff6262-6645-4f80-94b7-1b1a929431e9
26.02.2026 00:14:43 [INFO] [admin] kit3ykpaini открыл панель
26.02.2026 00:14:46 [INFO] [admin:kit3ykpaini] Логи
26.02.2026 00:14:47 [INFO] [admin:kit3ykpaini] Логи (50 строк)
26.02.2026 00:16:14 [INFO] [admin:kit3ykpaini] Логи (50 строк)
26.02.2026 00:19:29 [INFO] [job] Автозапуск парсера
26.02.2026 00:19:30 [INFO] ==================================================
26.02.2026 00:19:30 [INFO] Запуск парсера inkstory.net
26.02.2026 00:19:30 [INFO] ==================================================
26.02.2026 00:19:30 [INFO] --- Шаг 1: сбор ссылок ---
26.02.2026 00:19:30 [INFO] [links] Известных ссылок: 69, в блэклисте: 4
26.02.2026 00:19:30 [DEBUG] [links] Запрашиваем страницу 0
26.02.2026 00:19:31 [INFO] [links] Дошли до известной ссылки: https://inkstory.net/discussion/94ff6262-6645-4f80-94b7-1b1a929431e9
26.02.2026 00:19:31 [INFO] [links] Сохранено новых ссылок: 1
26.02.2026 00:19:31 [INFO] --- Шаг 2: парсинг постов ---
26.02.2026 00:19:31 [INFO] [posts] Ссылок для парсинга: 1, день: 4
26.02.2026 00:19:31 [DEBUG] [posts] [1/1] https://inkstory.net/discussion/e49805ca-dd94-4f3a-80f3-8da4d6d68ec6
26.02.2026 00:19:31 [INFO] [posts] Сохранён: Histrionic — https://inkstory.net/discussion/e49805ca-dd94-4f3a-80f3-8da4d6d68ec6 (159 слов)
26.02.2026 00:19:33 [INFO] [posts] Готово. Новых постов в очереди: 1
26.02.2026 00:19:33 [INFO] ==================================================
26.02.2026 00:19:33 [INFO] Готово. Новых ссылок: 1, постов в очереди: 1
26.02.2026 00:19:33 [INFO] ==================================================
26.02.2026 00:19:33 [INFO] [parser] Готово. Новых постов: 1, в очереди: 2
26.02.2026 00:19:34 [INFO] [job] Уведомлено жюри: 5/5
26.02.2026 00:19:41 [INFO] [next] Tamillar взял пост #128 — https://inkstory.net/discussion/e49805ca-dd94-4f3a-80f3-8da4d6d68ec6
26.02.2026 00:20:26 [INFO] [admin:kit3ykpaini] Логи (50 строк)
26.02.2026 00:21:27 [INFO] [check] Tamillar → #128: слов=159, ошибок=11
26.02.2026 00:27:01 [INFO] [check] MicoelPZ1 → #127: слов=247, ошибок=18
26.02.2026 00:27:40 [INFO] [admin] kit3ykpaini открыл панель
26.02.2026 00:27:43 [INFO] [admin:kit3ykpaini] Очередь
26.02.2026 00:27:45 [INFO] [admin:kit3ykpaini] Логи
26.02.2026 00:27:47 [INFO] [admin:kit3ykpaini] Логи (50 строк)
26.02.2026 00:49:29 [INFO] [job] Автозапуск парсера
26.02.2026 00:49:30 [INFO] ==================================================
26.02.2026 00:49:30 [INFO] Запуск парсера inkstory.net
26.02.2026 00:49:30 [INFO] ==================================================
26.02.2026 00:49:30 [INFO] --- Шаг 1: сбор ссылок ---
26.02.2026 00:49:30 [INFO] [links] Известных ссылок: 70, в блэклисте: 4
26.02.2026 00:49:30 [DEBUG] [links] Запрашиваем страницу 0
26.02.2026 00:49:31 [INFO] [links] Дошли до известной ссылки: https://inkstory.net/discussion/e49805ca-dd94-4f3a-80f3-8da4d6d68ec6
26.02.2026 00:49:31 [INFO] [links] Новых ссылок нет
26.02.2026 00:49:31 [INFO] --- Шаг 2: парсинг постов ---
26.02.2026 00:49:31 [INFO] [posts] Ссылок для парсинга: 0, день: 4
26.02.2026 00:49:31 [INFO] [posts] Готово. Новых постов в очереди: 0
26.02.2026 00:49:31 [INFO] ==================================================
26.02.2026 00:49:31 [INFO] Готово. Новых ссылок: 0, постов в очереди: 0
26.02.2026 00:49:31 [INFO] ==================================================
26.02.2026 00:49:31 [INFO] [parser] Готово. Новых постов: 0, в очереди: 0
26.02.2026 01:19:29 [INFO] [job] Автозапуск парсера
26.02.2026 01:19:30 [INFO] ==================================================
26.02.2026 01:19:30 [INFO] Запуск парсера inkstory.net
26.02.2026 01:19:30 [INFO] ==================================================
26.02.2026 01:19:30 [INFO] --- Шаг 1: сбор ссылок ---
26.02.2026 01:19:30 [INFO] [links] Известных ссылок: 70, в блэклисте: 4
26.02.2026 01:19:30 [DEBUG] [links] Запрашиваем страницу 0
26.02.2026 01:19:31 [INFO] [links] Дошли до известной ссылки: https://inkstory.net/discussion/e49805ca-dd94-4f3a-80f3-8da4d6d68ec6
26.02.2026 01:19:31 [INFO] [links] Сохранено новых ссылок: 1
26.02.2026 01:19:31 [INFO] --- Шаг 2: парсинг постов ---
26.02.2026 01:19:31 [INFO] [posts] Ссылок для парсинга: 1, день: 4
26.02.2026 01:19:31 [DEBUG] [posts] [1/1] https://inkstory.net/discussion/0fa8ecf6-7c4a-4912-82d5-d0b043116675
26.02.2026 01:19:32 [INFO] [posts] Сохранён: marianne🌺 — https://inkstory.net/discussion/0fa8ecf6-7c4a-4912-82d5-d0b043116675 (157 слов)
26.02.2026 01:19:34 [INFO] [posts] Готово. Новых постов в очереди: 1
26.02.2026 01:19:34 [INFO] ==================================================
26.02.2026 01:19:34 [INFO] Готово. Новых ссылок: 1, постов в очереди: 1
26.02.2026 01:19:34 [INFO] ==================================================
26.02.2026 01:19:34 [INFO] [parser] Готово. Новых постов: 1, в очереди: 1
26.02.2026 01:19:35 [INFO] [job] Уведомлено жюри: 5/5
26.02.2026 01:49:29 [INFO] [job] Автозапуск парсера
26.02.2026 01:49:30 [INFO] ==================================================
26.02.2026 01:49:30 [INFO] Запуск парсера inkstory.net
26.02.2026 01:49:30 [INFO] ==================================================
26.02.2026 01:49:30 [INFO] --- Шаг 1: сбор ссылок ---
26.02.2026 01:49:30 [INFO] [links] Известных ссылок: 71, в блэклисте: 4
26.02.2026 01:49:30 [DEBUG] [links] Запрашиваем страницу 0
26.02.2026 01:49:31 [INFO] [links] Дошли до известной ссылки: https://inkstory.net/discussion/0fa8ecf6-7c4a-4912-82d5-d0b043116675
26.02.2026 01:49:31 [INFO] [links] Сохранено новых ссылок: 2
26.02.2026 01:49:31 [INFO] --- Шаг 2: парсинг постов ---
26.02.2026 01:49:31 [INFO] [posts] Ссылок для парсинга: 2, день: 4
26.02.2026 01:49:31 [DEBUG] [posts] [1/2] https://inkstory.net/discussion/65637806-891a-44aa-b7fe-59d01a081d41
26.02.2026 01:49:31 [INFO] [posts] Сохранён: user442418 — https://inkstory.net/discussion/65637806-891a-44aa-b7fe-59d01a081d41 (25 слов)
26.02.2026 01:49:33 [DEBUG] [posts] [2/2] https://inkstory.net/discussion/74c9470a-29e4-4384-922d-6404cbdf310d
26.02.2026 01:49:33 [INFO] [posts] Сохранён: PLAZMA[PZ] — https://inkstory.net/discussion/74c9470a-29e4-4384-922d-6404cbdf310d (96 слов)
26.02.2026 01:49:35 [INFO] [posts] Готово. Новых постов в очереди: 2
26.02.2026 01:49:35 [INFO] ==================================================
26.02.2026 01:49:35 [INFO] Готово. Новых ссылок: 2, постов в очереди: 2
26.02.2026 01:49:35 [INFO] ==================================================
26.02.2026 01:49:35 [INFO] [parser] Готово. Новых постов: 2, в очереди: 3
26.02.2026 01:49:36 [INFO] [job] Уведомлено жюри: 5/5
26.02.2026 02:19:29 [INFO] [job] Автозапуск парсера
26.02.2026 02:19:30 [INFO] ==================================================
26.02.2026 02:19:30 [INFO] Запуск парсера inkstory.net
26.02.2026 02:19:30 [INFO] ==================================================
26.02.2026 02:19:30 [INFO] --- Шаг 1: сбор ссылок ---
26.02.2026 02:19:30 [INFO] [links] Известных ссылок: 73, в блэклисте: 4
26.02.2026 02:19:30 [DEBUG] [links] Запрашиваем страницу 0
26.02.2026 02:19:31 [INFO] [links] Дошли до известной ссылки: https://inkstory.net/discussion/65637806-891a-44aa-b7fe-59d01a081d41
26.02.2026 02:19:31 [INFO] [links] Сохранено новых ссылок: 1
26.02.2026 02:19:31 [INFO] --- Шаг 2: парсинг постов ---
26.02.2026 02:19:31 [INFO] [posts] Ссылок для парсинга: 1, день: 4
26.02.2026 02:19:31 [DEBUG] [posts] [1/1] https://inkstory.net/discussion/a3862596-fdb2-4a28-8d69-91bd228c2226
26.02.2026 02:19:31 [INFO] [posts] Сохранён: PLAZMA[PZ] — https://inkstory.net/discussion/a3862596-fdb2-4a28-8d69-91bd228c2226 (122 слов)
26.02.2026 02:19:33 [INFO] [posts] Готово. Новых постов в очереди: 1
26.02.2026 02:19:33 [INFO] ==================================================
26.02.2026 02:19:33 [INFO] Готово. Новых ссылок: 1, постов в очереди: 1
26.02.2026 02:19:33 [INFO] ==================================================
26.02.2026 02:19:33 [INFO] [parser] Готово. Новых постов: 1, в очереди: 4
26.02.2026 02:19:34 [INFO] [job] Уведомлено жюри: 5/5
26.02.2026 02:49:29 [INFO] [job] Автозапуск парсера
26.02.2026 02:49:30 [INFO] ==================================================
26.02.2026 02:49:30 [INFO] Запуск парсера inkstory.net
26.02.2026 02:49:30 [INFO] ==================================================
26.02.2026 02:49:30 [INFO] --- Шаг 1: сбор ссылок ---
26.02.2026 02:49:30 [INFO] [links] Известных ссылок: 74, в блэклисте: 4
26.02.2026 02:49:30 [DEBUG] [links] Запрашиваем страницу 0
26.02.2026 02:49:31 [INFO] [links] Дошли до известной ссылки: https://inkstory.net/discussion/a3862596-fdb2-4a28-8d69-91bd228c2226
26.02.2026 02:49:31 [INFO] [links] Новых ссылок нет
26.02.2026 02:49:31 [INFO] --- Шаг 2: парсинг постов ---
26.02.2026 02:49:31 [INFO] [posts] Ссылок для парсинга: 0, день: 4
26.02.2026 02:49:31 [INFO] [posts] Готово. Новых постов в очереди: 0
26.02.2026 02:49:31 [INFO] ==================================================
26.02.2026 02:49:31 [INFO] Готово. Новых ссылок: 0, постов в очереди: 0
26.02.2026 02:49:31 [INFO] ==================================================
26.02.2026 02:49:31 [INFO] [parser] Готово. Новых постов: 0, в очереди: 4
26.02.2026 02:55:00 [INFO] [job] Финальный парсинг дня (23:55)
26.02.2026 02:55:01 [INFO] ==================================================
26.02.2026 02:55:01 [INFO] Запуск парсера inkstory.net
26.02.2026 02:55:01 [INFO] ==================================================
26.02.2026 02:55:01 [INFO] --- Шаг 1: сбор ссылок ---
26.02.2026 02:55:01 [INFO] [links] Известных ссылок: 74, в блэклисте: 4
26.02.2026 02:55:01 [DEBUG] [links] Запрашиваем страницу 0
26.02.2026 02:55:01 [INFO] [links] Дошли до известной ссылки: https://inkstory.net/discussion/a3862596-fdb2-4a28-8d69-91bd228c2226
26.02.2026 02:55:01 [INFO] [links] Новых ссылок нет
26.02.2026 02:55:01 [INFO] --- Шаг 2: парсинг постов ---
26.02.2026 02:55:01 [INFO] [posts] Ссылок для парсинга: 0, день: 4
26.02.2026 02:55:01 [INFO] [posts] Готово. Новых постов в очереди: 0
26.02.2026 02:55:01 [INFO] ==================================================
26.02.2026 02:55:01 [INFO] Готово. Новых ссылок: 0, постов в очереди: 0
26.02.2026 02:55:01 [INFO] ==================================================
26.02.2026 02:55:01 [INFO] [parser] Готово. Новых постов: 0, в очереди: 4
26.02.2026 03:01:00 [INFO] [job] Смена дня
26.02.2026 03:01:00 [INFO] [job] Создан новый день: 26.02.2026
26.02.2026 03:19:29 [INFO] [job] Автозапуск парсера
26.02.2026 03:19:30 [INFO] ==================================================
26.02.2026 03:19:30 [INFO] Запуск парсера inkstory.net
26.02.2026 03:19:30 [INFO] ==================================================
26.02.2026 03:19:30 [INFO] --- Шаг 1: сбор ссылок ---
26.02.2026 03:19:30 [INFO] [links] Известных ссылок: 74, в блэклисте: 4
26.02.2026 03:19:30 [DEBUG] [links] Запрашиваем страницу 0
26.02.2026 03:19:31 [INFO] [links] Дошли до известной ссылки: https://inkstory.net/discussion/a3862596-fdb2-4a28-8d69-91bd228c2226
26.02.2026 03:19:31 [INFO] [links] Новых ссылок нет
26.02.2026 03:19:31 [INFO] --- Шаг 2: парсинг постов ---
26.02.2026 03:19:31 [INFO] [posts] Ссылок для парсинга: 0, день: 5
26.02.2026 03:19:31 [INFO] [posts] Готово. Новых постов в очереди: 0
26.02.2026 03:19:31 [INFO] ==================================================
26.02.2026 03:19:31 [INFO] Готово. Новых ссылок: 0, постов в очереди: 0
26.02.2026 03:19:31 [INFO] ==================================================
26.02.2026 03:19:31 [INFO] [parser] Готово. Новых постов: 0, в очереди: 4
26.02.2026 03:49:29 [INFO] [job] Автозапуск парсера
26.02.2026 03:49:30 [INFO] ==================================================
26.02.2026 03:49:30 [INFO] Запуск парсера inkstory.net
26.02.2026 03:49:30 [INFO] ==================================================
26.02.2026 03:49:30 [INFO] --- Шаг 1: сбор ссылок ---
26.02.2026 03:49:30 [INFO] [links] Известных ссылок: 74, в блэклисте: 4
26.02.2026 03:49:30 [DEBUG] [links] Запрашиваем страницу 0
26.02.2026 03:49:31 [INFO] [links] Дошли до известной ссылки: https://inkstory.net/discussion/a3862596-fdb2-4a28-8d69-91bd228c2226
26.02.2026 03:49:31 [INFO] [links] Новых ссылок нет
26.02.2026 03:49:31 [INFO] --- Шаг 2: парсинг постов ---
26.02.2026 03:49:31 [INFO] [posts] Ссылок для парсинга: 0, день: 5
26.02.2026 03:49:31 [INFO] [posts] Готово. Новых постов в очереди: 0
26.02.2026 03:49:31 [INFO] ==================================================
26.02.2026 03:49:31 [INFO] Готово. Новых ссылок: 0, постов в очереди: 0
26.02.2026 03:49:31 [INFO] ==================================================
26.02.2026 03:49:31 [INFO] [parser] Готово. Новых постов: 0, в очереди: 4
26.02.2026 04:19:29 [INFO] [job] Автозапуск парсера
26.02.2026 04:19:30 [INFO] ==================================================
26.02.2026 04:19:30 [INFO] Запуск парсера inkstory.net
26.02.2026 04:19:30 [INFO] ==================================================
26.02.2026 04:19:30 [INFO] --- Шаг 1: сбор ссылок ---
26.02.2026 04:19:30 [INFO] [links] Известных ссылок: 74, в блэклисте: 4
26.02.2026 04:19:30 [DEBUG] [links] Запрашиваем страницу 0
26.02.2026 04:19:31 [INFO] [links] Дошли до известной ссылки: https://inkstory.net/discussion/a3862596-fdb2-4a28-8d69-91bd228c2226
26.02.2026 04:19:31 [INFO] [links] Новых ссылок нет
26.02.2026 04:19:31 [INFO] --- Шаг 2: парсинг постов ---
26.02.2026 04:19:31 [INFO] [posts] Ссылок для парсинга: 0, день: 5
26.02.2026 04:19:31 [INFO] [posts] Готово. Новых постов в очереди: 0
26.02.2026 04:19:31 [INFO] ==================================================
26.02.2026 04:19:31 [INFO] Готово. Новых ссылок: 0, постов в очереди: 0
26.02.2026 04:19:31 [INFO] ==================================================
26.02.2026 04:19:31 [INFO] [parser] Готово. Новых постов: 0, в очереди: 4
26.02.2026 04:49:29 [INFO] [job] Автозапуск парсера
26.02.2026 04:49:30 [INFO] ==================================================
26.02.2026 04:49:30 [INFO] Запуск парсера inkstory.net
26.02.2026 04:49:30 [INFO] ==================================================
26.02.2026 04:49:30 [INFO] --- Шаг 1: сбор ссылок ---
26.02.2026 04:49:30 [INFO] [links] Известных ссылок: 74, в блэклисте: 4
26.02.2026 04:49:30 [DEBUG] [links] Запрашиваем страницу 0
26.02.2026 04:49:31 [INFO] [links] Дошли до известной ссылки: https://inkstory.net/discussion/a3862596-fdb2-4a28-8d69-91bd228c2226
26.02.2026 04:49:31 [INFO] [links] Новых ссылок нет
26.02.2026 04:49:31 [INFO] --- Шаг 2: парсинг постов ---
26.02.2026 04:49:31 [INFO] [posts] Ссылок для парсинга: 0, день: 5
26.02.2026 04:49:31 [INFO] [posts] Готово. Новых постов в очереди: 0
26.02.2026 04:49:31 [INFO] ==================================================
26.02.2026 04:49:31 [INFO] Готово. Новых ссылок: 0, постов в очереди: 0
26.02.2026 04:49:31 [INFO] ==================================================
26.02.2026 04:49:31 [INFO] [parser] Готово. Новых постов: 0, в очереди: 4
26.02.2026 05:19:29 [INFO] [job] Автозапуск парсера
26.02.2026 05:19:30 [INFO] ==================================================
26.02.2026 05:19:30 [INFO] Запуск парсера inkstory.net
26.02.2026 05:19:30 [INFO] ==================================================
26.02.2026 05:19:30 [INFO] --- Шаг 1: сбор ссылок ---
26.02.2026 05:19:30 [INFO] [links] Известных ссылок: 74, в блэклисте: 4
26.02.2026 05:19:30 [DEBUG] [links] Запрашиваем страницу 0
26.02.2026 05:19:31 [INFO] [links] Дошли до известной ссылки: https://inkstory.net/discussion/a3862596-fdb2-4a28-8d69-91bd228c2226
26.02.2026 05:19:31 [INFO] [links] Новых ссылок нет
26.02.2026 05:19:31 [INFO] --- Шаг 2: парсинг постов ---
26.02.2026 05:19:31 [INFO] [posts] Ссылок для парсинга: 0, день: 5
26.02.2026 05:19:31 [INFO] [posts] Готово. Новых постов в очереди: 0
26.02.2026 05:19:31 [INFO] ==================================================
26.02.2026 05:19:31 [INFO] Готово. Новых ссылок: 0, постов в очереди: 0
26.02.2026 05:19:31 [INFO] ==================================================
26.02.2026 05:19:31 [INFO] [parser] Готово. Новых постов: 0, в очереди: 4
26.02.2026 05:40:22 [INFO] [next] BALAPANPRO взял пост #130 — https://inkstory.net/discussion/65637806-891a-44aa-b7fe-59d01a081d41
26.02.2026 05:40:29 [INFO] [reject] BALAPANPRO → #130: few_words
26.02.2026 05:49:29 [INFO] [job] Автозапуск парсера
26.02.2026 05:49:30 [INFO] ==================================================
26.02.2026 05:49:30 [INFO] Запуск парсера inkstory.net
26.02.2026 05:49:30 [INFO] ==================================================
26.02.2026 05:49:30 [INFO] --- Шаг 1: сбор ссылок ---
26.02.2026 05:49:30 [INFO] [links] Известных ссылок: 74, в блэклисте: 4
26.02.2026 05:49:30 [DEBUG] [links] Запрашиваем страницу 0
26.02.2026 05:49:31 [INFO] [links] Дошли до известной ссылки: https://inkstory.net/discussion/a3862596-fdb2-4a28-8d69-91bd228c2226
26.02.2026 05:49:31 [INFO] [links] Сохранено новых ссылок: 1
26.02.2026 05:49:31 [INFO] --- Шаг 2: парсинг постов ---
26.02.2026 05:49:31 [INFO] [posts] Ссылок для парсинга: 1, день: 5
26.02.2026 05:49:31 [DEBUG] [posts] [1/1] https://inkstory.net/discussion/0019c26b-a81a-4f0f-a573-1aad87d77540
26.02.2026 05:49:32 [INFO] [posts] Сохранён: MIICHKA — https://inkstory.net/discussion/0019c26b-a81a-4f0f-a573-1aad87d77540 (50 слов)
26.02.2026 05:49:33 [INFO] [posts] Готово. Новых постов в очереди: 1
26.02.2026 05:49:33 [INFO] ==================================================
26.02.2026 05:49:33 [INFO] Готово. Новых ссылок: 1, постов в очереди: 1
26.02.2026 05:49:33 [INFO] ==================================================
26.02.2026 05:49:33 [INFO] [parser] Готово. Новых постов: 1, в очереди: 4
26.02.2026 05:49:34 [INFO] [job] Уведомлено жюри: 5/5
26.02.2026 06:01:47 [INFO] [next] BALAPANPRO взял пост #131 — https://inkstory.net/discussion/74c9470a-29e4-4384-922d-6404cbdf310d
26.02.2026 06:08:20 [INFO] [check] BALAPANPRO → #131: слов=96, ошибок=7
26.02.2026 06:08:21 [INFO] [next] BALAPANPRO взял пост #133 — https://inkstory.net/discussion/0019c26b-a81a-4f0f-a573-1aad87d77540
26.02.2026 06:10:42 [INFO] [check] BALAPANPRO → #133: слов=57, ошибок=1
26.02.2026 06:10:43 [INFO] [next] BALAPANPRO взял пост #132 — https://inkstory.net/discussion/a3862596-fdb2-4a28-8d69-91bd228c2226
26.02.2026 06:15:50 [INFO] [check] BALAPANPRO → #132: слов=123, ошибок=2
26.02.2026 06:15:52 [INFO] [next] BALAPANPRO взял пост #129 — https://inkstory.net/discussion/0fa8ecf6-7c4a-4912-82d5-d0b043116675
26.02.2026 06:17:36 [INFO] [skip] BALAPANPRO → #129: Пусть Тамилла посты подруги проверит )
26.02.2026 06:19:29 [INFO] [job] Автозапуск парсера
26.02.2026 06:19:30 [INFO] ==================================================
26.02.2026 06:19:30 [INFO] Запуск парсера inkstory.net
26.02.2026 06:19:30 [INFO] ==================================================
26.02.2026 06:19:30 [INFO] --- Шаг 1: сбор ссылок ---
26.02.2026 06:19:30 [INFO] [links] Известных ссылок: 75, в блэклисте: 4
26.02.2026 06:19:30 [DEBUG] [links] Запрашиваем страницу 0
26.02.2026 06:19:32 [INFO] [links] Дошли до известной ссылки: https://inkstory.net/discussion/0019c26b-a81a-4f0f-a573-1aad87d77540
26.02.2026 06:19:32 [INFO] [links] Новых ссылок нет
26.02.2026 06:19:32 [INFO] --- Шаг 2: парсинг постов ---
26.02.2026 06:19:32 [INFO] [posts] Ссылок для парсинга: 0, день: 5
26.02.2026 06:19:32 [INFO] [posts] Готово. Новых постов в очереди: 0
26.02.2026 06:19:32 [INFO] ==================================================
26.02.2026 06:19:32 [INFO] Готово. Новых ссылок: 0, постов в очереди: 0
26.02.2026 06:19:32 [INFO] ==================================================
26.02.2026 06:19:32 [INFO] [parser] Готово. Новых постов: 0, в очереди: 1
26.02.2026 06:49:29 [INFO] [job] Автозапуск парсера
26.02.2026 06:49:30 [INFO] ==================================================
26.02.2026 06:49:30 [INFO] Запуск парсера inkstory.net
26.02.2026 06:49:30 [INFO] ==================================================
26.02.2026 06:49:30 [INFO] --- Шаг 1: сбор ссылок ---
26.02.2026 06:49:30 [INFO] [links] Известных ссылок: 75, в блэклисте: 4
26.02.2026 06:49:30 [DEBUG] [links] Запрашиваем страницу 0
26.02.2026 06:49:31 [INFO] [links] Дошли до известной ссылки: https://inkstory.net/discussion/0019c26b-a81a-4f0f-a573-1aad87d77540
26.02.2026 06:49:31 [INFO] [links] Новых ссылок нет
26.02.2026 06:49:31 [INFO] --- Шаг 2: парсинг постов ---
26.02.2026 06:49:31 [INFO] [posts] Ссылок для парсинга: 0, день: 5
26.02.2026 06:49:31 [INFO] [posts] Готово. Новых постов в очереди: 0
26.02.2026 06:49:31 [INFO] ==================================================
26.02.2026 06:49:31 [INFO] Готово. Новых ссылок: 0, постов в очереди: 0
26.02.2026 06:49:31 [INFO] ==================================================
26.02.2026 06:49:31 [INFO] [parser] Готово. Новых постов: 0, в очереди: 1
26.02.2026 07:19:29 [INFO] [job] Автозапуск парсера
26.02.2026 07:19:30 [INFO] ==================================================
26.02.2026 07:19:30 [INFO] Запуск парсера inkstory.net
26.02.2026 07:19:30 [INFO] ==================================================
26.02.2026 07:19:30 [INFO] --- Шаг 1: сбор ссылок ---
26.02.2026 07:19:30 [INFO] [links] Известных ссылок: 75, в блэклисте: 4
26.02.2026 07:19:30 [DEBUG] [links] Запрашиваем страницу 0
26.02.2026 07:19:31 [INFO] [links] Дошли до известной ссылки: https://inkstory.net/discussion/0019c26b-a81a-4f0f-a573-1aad87d77540
26.02.2026 07:19:31 [INFO] [links] Новых ссылок нет
26.02.2026 07:19:31 [INFO] --- Шаг 2: парсинг постов ---
26.02.2026 07:19:31 [INFO] [posts] Ссылок для парсинга: 0, день: 5
26.02.2026 07:19:31 [INFO] [posts] Готово. Новых постов в очереди: 0
26.02.2026 07:19:31 [INFO] ==================================================
26.02.2026 07:19:31 [INFO] Готово. Новых ссылок: 0, постов в очереди: 0
26.02.2026 07:19:31 [INFO] ==================================================
26.02.2026 07:19:31 [INFO] [parser] Готово. Новых постов: 0, в очереди: 1
26.02.2026 07:49:29 [INFO] [job] Автозапуск парсера
26.02.2026 07:49:30 [INFO] ==================================================
26.02.2026 07:49:30 [INFO] Запуск парсера inkstory.net
26.02.2026 07:49:30 [INFO] ==================================================
26.02.2026 07:49:30 [INFO] --- Шаг 1: сбор ссылок ---
26.02.2026 07:49:30 [INFO] [links] Известных ссылок: 75, в блэклисте: 4
26.02.2026 07:49:30 [DEBUG] [links] Запрашиваем страницу 0
26.02.2026 07:49:31 [INFO] [links] Дошли до известной ссылки: https://inkstory.net/discussion/0019c26b-a81a-4f0f-a573-1aad87d77540
26.02.2026 07:49:31 [INFO] [links] Новых ссылок нет
26.02.2026 07:49:31 [INFO] --- Шаг 2: парсинг постов ---
26.02.2026 07:49:31 [INFO] [posts] Ссылок для парсинга: 0, день: 5
26.02.2026 07:49:31 [INFO] [posts] Готово. Новых постов в очереди: 0
26.02.2026 07:49:31 [INFO] ==================================================
26.02.2026 07:49:31 [INFO] Готово. Новых ссылок: 0, постов в очереди: 0
26.02.2026 07:49:31 [INFO] ==================================================
26.02.2026 07:49:31 [INFO] [parser] Готово. Новых постов: 0, в очереди: 1
26.02.2026 08:12:10 [INFO] [next] Tamillar взял пост #129 — https://inkstory.net/discussion/0fa8ecf6-7c4a-4912-82d5-d0b043116675
26.02.2026 08:13:52 [INFO] [check] Tamillar → #129: слов=157, ошибок=4
26.02.2026 08:19:29 [INFO] [job] Автозапуск парсера
26.02.2026 08:19:30 [INFO] ==================================================
26.02.2026 08:19:30 [INFO] Запуск парсера inkstory.net
26.02.2026 08:19:30 [INFO] ==================================================
26.02.2026 08:19:30 [INFO] --- Шаг 1: сбор ссылок ---
26.02.2026 08:19:30 [INFO] [links] Известных ссылок: 75, в блэклисте: 4
26.02.2026 08:19:30 [DEBUG] [links] Запрашиваем страницу 0
26.02.2026 08:19:31 [INFO] [links] Дошли до известной ссылки: https://inkstory.net/discussion/0019c26b-a81a-4f0f-a573-1aad87d77540
26.02.2026 08:19:31 [INFO] [links] Новых ссылок нет
26.02.2026 08:19:31 [INFO] --- Шаг 2: парсинг постов ---
26.02.2026 08:19:31 [INFO] [posts] Ссылок для парсинга: 0, день: 5
26.02.2026 08:19:31 [INFO] [posts] Готово. Новых постов в очереди: 0
26.02.2026 08:19:31 [INFO] ==================================================
26.02.2026 08:19:31 [INFO] Готово. Новых ссылок: 0, постов в очереди: 0
26.02.2026 08:19:31 [INFO] ==================================================
26.02.2026 08:19:31 [INFO] [parser] Готово. Новых постов: 0, в очереди: 0
26.02.2026 08:49:29 [INFO] [job] Автозапуск парсера
26.02.2026 08:49:30 [INFO] ==================================================
26.02.2026 08:49:30 [INFO] Запуск парсера inkstory.net
26.02.2026 08:49:30 [INFO] ==================================================
26.02.2026 08:49:30 [INFO] --- Шаг 1: сбор ссылок ---
26.02.2026 08:49:30 [INFO] [links] Известных ссылок: 75, в блэклисте: 4
26.02.2026 08:49:30 [DEBUG] [links] Запрашиваем страницу 0
26.02.2026 08:49:31 [INFO] [links] Дошли до известной ссылки: https://inkstory.net/discussion/0019c26b-a81a-4f0f-a573-1aad87d77540
26.02.2026 08:49:31 [INFO] [links] Новых ссылок нет
26.02.2026 08:49:31 [INFO] --- Шаг 2: парсинг постов ---
26.02.2026 08:49:31 [INFO] [posts] Ссылок для парсинга: 0, день: 5
26.02.2026 08:49:31 [INFO] [posts] Готово. Новых постов в очереди: 0
26.02.2026 08:49:31 [INFO] ==================================================
26.02.2026 08:49:31 [INFO] Готово. Новых ссылок: 0, постов в очереди: 0
26.02.2026 08:49:31 [INFO] ==================================================
26.02.2026 08:49:31 [INFO] [parser] Готово. Новых постов: 0, в очереди: 0
26.02.2026 09:19:29 [INFO] [job] Автозапуск парсера
26.02.2026 09:19:30 [INFO] ==================================================
26.02.2026 09:19:30 [INFO] Запуск парсера inkstory.net
26.02.2026 09:19:30 [INFO] ==================================================
26.02.2026 09:19:30 [INFO] --- Шаг 1: сбор ссылок ---
26.02.2026 09:19:30 [INFO] [links] Известных ссылок: 75, в блэклисте: 4
26.02.2026 09:19:30 [DEBUG] [links] Запрашиваем страницу 0
26.02.2026 09:19:31 [INFO] [links] Дошли до известной ссылки: https://inkstory.net/discussion/0019c26b-a81a-4f0f-a573-1aad87d77540
26.02.2026 09:19:31 [INFO] [links] Новых ссылок нет
26.02.2026 09:19:31 [INFO] --- Шаг 2: парсинг постов ---
26.02.2026 09:19:31 [INFO] [posts] Ссылок для парсинга: 0, день: 5
26.02.2026 09:19:31 [INFO] [posts] Готово. Новых постов в очереди: 0
26.02.2026 09:19:31 [INFO] ==================================================
26.02.2026 09:19:31 [INFO] Готово. Новых ссылок: 0, постов в очереди: 0
26.02.2026 09:19:31 [INFO] ==================================================
26.02.2026 09:19:31 [INFO] [parser] Готово. Новых постов: 0, в очереди: 0
26.02.2026 09:49:29 [INFO] [job] Автозапуск парсера
26.02.2026 09:49:30 [INFO] ==================================================
26.02.2026 09:49:30 [INFO] Запуск парсера inkstory.net
26.02.2026 09:49:30 [INFO] ==================================================
26.02.2026 09:49:30 [INFO] --- Шаг 1: сбор ссылок ---
26.02.2026 09:49:30 [INFO] [links] Известных ссылок: 75, в блэклисте: 4
26.02.2026 09:49:30 [DEBUG] [links] Запрашиваем страницу 0
26.02.2026 09:49:31 [INFO] [links] Дошли до известной ссылки: https://inkstory.net/discussion/0019c26b-a81a-4f0f-a573-1aad87d77540
26.02.2026 09:49:31 [INFO] [links] Новых ссылок нет
26.02.2026 09:49:31 [INFO] --- Шаг 2: парсинг постов ---
26.02.2026 09:49:31 [INFO] [posts] Ссылок для парсинга: 0, день: 5
26.02.2026 09:49:31 [INFO] [posts] Готово. Новых постов в очереди: 0
26.02.2026 09:49:31 [INFO] ==================================================
26.02.2026 09:49:31 [INFO] Готово. Новых ссылок: 0, постов в очереди: 0
26.02.2026 09:49:31 [INFO] ==================================================
26.02.2026 09:49:31 [INFO] [parser] Готово. Новых постов: 0, в очереди: 0
26.02.2026 10:19:29 [INFO] [job] Автозапуск парсера
26.02.2026 10:19:30 [INFO] ==================================================
26.02.2026 10:19:30 [INFO] Запуск парсера inkstory.net
26.02.2026 10:19:30 [INFO] ==================================================
26.02.2026 10:19:30 [INFO] --- Шаг 1: сбор ссылок ---
26.02.2026 10:19:30 [INFO] [links] Известных ссылок: 75, в блэклисте: 4
26.02.2026 10:19:30 [DEBUG] [links] Запрашиваем страницу 0
26.02.2026 10:19:31 [INFO] [links] Дошли до известной ссылки: https://inkstory.net/discussion/0019c26b-a81a-4f0f-a573-1aad87d77540
26.02.2026 10:19:31 [INFO] [links] Новых ссылок нет
26.02.2026 10:19:31 [INFO] --- Шаг 2: парсинг постов ---
26.02.2026 10:19:31 [INFO] [posts] Ссылок для парсинга: 0, день: 5
26.02.2026 10:19:31 [INFO] [posts] Готово. Новых постов в очереди: 0
26.02.2026 10:19:31 [INFO] ==================================================
26.02.2026 10:19:31 [INFO] Готово. Новых ссылок: 0, постов в очереди: 0
26.02.2026 10:19:31 [INFO] ==================================================
26.02.2026 10:19:31 [INFO] [parser] Готово. Новых постов: 0, в очереди: 0
26.02.2026 10:49:29 [INFO] [job] Автозапуск парсера
26.02.2026 10:49:30 [INFO] ==================================================
26.02.2026 10:49:30 [INFO] Запуск парсера inkstory.net
26.02.2026 10:49:30 [INFO] ==================================================
26.02.2026 10:49:30 [INFO] --- Шаг 1: сбор ссылок ---
26.02.2026 10:49:30 [INFO] [links] Известных ссылок: 75, в блэклисте: 4
26.02.2026 10:49:30 [DEBUG] [links] Запрашиваем страницу 0
26.02.2026 10:49:31 [INFO] [links] Дошли до известной ссылки: https://inkstory.net/discussion/0019c26b-a81a-4f0f-a573-1aad87d77540
26.02.2026 10:49:31 [INFO] [links] Новых ссылок нет
26.02.2026 10:49:31 [INFO] --- Шаг 2: парсинг постов ---
26.02.2026 10:49:31 [INFO] [posts] Ссылок для парсинга: 0, день: 5
26.02.2026 10:49:31 [INFO] [posts] Готово. Новых постов в очереди: 0
26.02.2026 10:49:31 [INFO] ==================================================
26.02.2026 10:49:31 [INFO] Готово. Новых ссылок: 0, постов в очереди: 0
26.02.2026 10:49:31 [INFO] ==================================================
26.02.2026 10:49:31 [INFO] [parser] Готово. Новых постов: 0, в очереди: 0
26.02.2026 11:19:29 [INFO] [job] Автозапуск парсера
26.02.2026 11:19:30 [INFO] ==================================================
26.02.2026 11:19:30 [INFO] Запуск парсера inkstory.net
26.02.2026 11:19:30 [INFO] ==================================================
26.02.2026 11:19:30 [INFO] --- Шаг 1: сбор ссылок ---
26.02.2026 11:19:30 [INFO] [links] Известных ссылок: 75, в блэклисте: 4
26.02.2026 11:19:30 [DEBUG] [links] Запрашиваем страницу 0
26.02.2026 11:19:31 [INFO] [links] Дошли до известной ссылки: https://inkstory.net/discussion/0019c26b-a81a-4f0f-a573-1aad87d77540
26.02.2026 11:19:31 [INFO] [links] Новых ссылок нет
26.02.2026 11:19:31 [INFO] --- Шаг 2: парсинг постов ---
26.02.2026 11:19:31 [INFO] [posts] Ссылок для парсинга: 0, день: 5
26.02.2026 11:19:31 [INFO] [posts] Готово. Новых постов в очереди: 0
26.02.2026 11:19:31 [INFO] ==================================================
26.02.2026 11:19:31 [INFO] Готово. Новых ссылок: 0, постов в очереди: 0
26.02.2026 11:19:31 [INFO] ==================================================
26.02.2026 11:19:31 [INFO] [parser] Готово. Новых постов: 0, в очереди: 0
26.02.2026 11:49:29 [INFO] [job] Автозапуск парсера
26.02.2026 11:49:30 [INFO] ==================================================
26.02.2026 11:49:30 [INFO] Запуск парсера inkstory.net
26.02.2026 11:49:30 [INFO] ==================================================
26.02.2026 11:49:30 [INFO] --- Шаг 1: сбор ссылок ---
26.02.2026 11:49:30 [INFO] [links] Известных ссылок: 75, в блэклисте: 4
26.02.2026 11:49:30 [DEBUG] [links] Запрашиваем страницу 0
26.02.2026 11:49:31 [INFO] [links] Дошли до известной ссылки: https://inkstory.net/discussion/0019c26b-a81a-4f0f-a573-1aad87d77540
26.02.2026 11:49:31 [INFO] [links] Сохранено новых ссылок: 1
26.02.2026 11:49:31 [INFO] --- Шаг 2: парсинг постов ---
26.02.2026 11:49:31 [INFO] [posts] Ссылок для парсинга: 1, день: 5
26.02.2026 11:49:31 [DEBUG] [posts] [1/1] https://inkstory.net/discussion/a237aa75-00dc-4389-8cca-46039340a49f
26.02.2026 11:49:31 [INFO] [posts] Сохранён: player_nur [XP,SH] — https://inkstory.net/discussion/a237aa75-00dc-4389-8cca-46039340a49f (240 слов)
26.02.2026 11:49:33 [INFO] [posts] Готово. Новых постов в очереди: 1
26.02.2026 11:49:33 [INFO] ==================================================
26.02.2026 11:49:33 [INFO] Готово. Новых ссылок: 1, постов в очереди: 1
26.02.2026 11:49:33 [INFO] ==================================================
26.02.2026 11:49:33 [INFO] [parser] Готово. Новых постов: 1, в очереди: 1
26.02.2026 11:49:34 [INFO] [job] Уведомлено жюри: 5/5
26.02.2026 11:55:41 [INFO] [next] BALAPANPRO взял пост #134 — https://inkstory.net/discussion/a237aa75-00dc-4389-8cca-46039340a49f
26.02.2026 12:06:17 [INFO] [check] BALAPANPRO → #134: слов=243, ошибок=10
26.02.2026 12:19:29 [INFO] [job] Автозапуск парсера
26.02.2026 12:19:30 [INFO] ==================================================
26.02.2026 12:19:30 [INFO] Запуск парсера inkstory.net
26.02.2026 12:19:30 [INFO] ==================================================
26.02.2026 12:19:30 [INFO] --- Шаг 1: сбор ссылок ---
26.02.2026 12:19:30 [INFO] [links] Известных ссылок: 76, в блэклисте: 4
26.02.2026 12:19:30 [DEBUG] [links] Запрашиваем страницу 0
26.02.2026 12:19:32 [INFO] [links] Дошли до известной ссылки: https://inkstory.net/discussion/a237aa75-00dc-4389-8cca-46039340a49f
26.02.2026 12:19:32 [INFO] [links] Новых ссылок нет
26.02.2026 12:19:32 [INFO] --- Шаг 2: парсинг постов ---
26.02.2026 12:19:32 [INFO] [posts] Ссылок для парсинга: 0, день: 5
26.02.2026 12:19:32 [INFO] [posts] Готово. Новых постов в очереди: 0
26.02.2026 12:19:32 [INFO] ==================================================
26.02.2026 12:19:32 [INFO] Готово. Новых ссылок: 0, постов в очереди: 0
26.02.2026 12:19:32 [INFO] ==================================================
26.02.2026 12:19:32 [INFO] [parser] Готово. Новых постов: 0, в очереди: 0
26.02.2026 12:49:29 [INFO] [job] Автозапуск парсера
26.02.2026 12:49:30 [INFO] ==================================================
26.02.2026 12:49:30 [INFO] Запуск парсера inkstory.net
26.02.2026 12:49:30 [INFO] ==================================================
26.02.2026 12:49:30 [INFO] --- Шаг 1: сбор ссылок ---
26.02.2026 12:49:30 [INFO] [links] Известных ссылок: 76, в блэклисте: 4
26.02.2026 12:49:30 [DEBUG] [links] Запрашиваем страницу 0
26.02.2026 12:49:31 [INFO] [links] Дошли до известной ссылки: https://inkstory.net/discussion/a237aa75-00dc-4389-8cca-46039340a49f
26.02.2026 12:49:31 [INFO] [links] Новых ссылок нет
26.02.2026 12:49:31 [INFO] --- Шаг 2: парсинг постов ---
26.02.2026 12:49:31 [INFO] [posts] Ссылок для парсинга: 0, день: 5
26.02.2026 12:49:31 [INFO] [posts] Готово. Новых постов в очереди: 0
26.02.2026 12:49:31 [INFO] ==================================================
26.02.2026 12:49:31 [INFO] Готово. Новых ссылок: 0, постов в очереди: 0
26.02.2026 12:49:31 [INFO] ==================================================
26.02.2026 12:49:31 [INFO] [parser] Готово. Новых постов: 0, в очереди: 0
26.02.2026 13:19:29 [INFO] [job] Автозапуск парсера
26.02.2026 13:19:30 [INFO] ==================================================
26.02.2026 13:19:30 [INFO] Запуск парсера inkstory.net
26.02.2026 13:19:30 [INFO] ==================================================
26.02.2026 13:19:30 [INFO] --- Шаг 1: сбор ссылок ---
26.02.2026 13:19:30 [INFO] [links] Известных ссылок: 76, в блэклисте: 4
26.02.2026 13:19:30 [DEBUG] [links] Запрашиваем страницу 0
26.02.2026 13:19:31 [INFO] [links] Дошли до известной ссылки: https://inkstory.net/discussion/a237aa75-00dc-4389-8cca-46039340a49f
26.02.2026 13:19:31 [INFO] [links] Новых ссылок нет
26.02.2026 13:19:31 [INFO] --- Шаг 2: парсинг постов ---
26.02.2026 13:19:31 [INFO] [posts] Ссылок для парсинга: 0, день: 5
26.02.2026 13:19:31 [INFO] [posts] Готово. Новых постов в очереди: 0
26.02.2026 13:19:31 [INFO] ==================================================
26.02.2026 13:19:31 [INFO] Готово. Новых ссылок: 0, постов в очереди: 0
26.02.2026 13:19:31 [INFO] ==================================================
26.02.2026 13:19:31 [INFO] [parser] Готово. Новых постов: 0, в очереди: 0
26.02.2026 13:49:29 [INFO] [job] Автозапуск парсера
26.02.2026 13:49:30 [INFO] ==================================================
26.02.2026 13:49:30 [INFO] Запуск парсера inkstory.net
26.02.2026 13:49:30 [INFO] ==================================================
26.02.2026 13:49:30 [INFO] --- Шаг 1: сбор ссылок ---
26.02.2026 13:49:30 [INFO] [links] Известных ссылок: 76, в блэклисте: 4
26.02.2026 13:49:30 [DEBUG] [links] Запрашиваем страницу 0
26.02.2026 13:49:31 [INFO] [links] Дошли до известной ссылки: https://inkstory.net/discussion/a237aa75-00dc-4389-8cca-46039340a49f
26.02.2026 13:49:31 [INFO] [links] Новых ссылок нет
26.02.2026 13:49:31 [INFO] --- Шаг 2: парсинг постов ---
26.02.2026 13:49:31 [INFO] [posts] Ссылок для парсинга: 0, день: 5
26.02.2026 13:49:31 [INFO] [posts] Готово. Новых постов в очереди: 0
26.02.2026 13:49:31 [INFO] ==================================================
26.02.2026 13:49:31 [INFO] Готово. Новых ссылок: 0, постов в очереди: 0
26.02.2026 13:49:31 [INFO] ==================================================
26.02.2026 13:49:31 [INFO] [parser] Готово. Новых постов: 0, в очереди: 0
26.02.2026 14:19:29 [INFO] [job] Автозапуск парсера
26.02.2026 14:19:30 [INFO] ==================================================
26.02.2026 14:19:30 [INFO] Запуск парсера inkstory.net
26.02.2026 14:19:30 [INFO] ==================================================
26.02.2026 14:19:30 [INFO] --- Шаг 1: сбор ссылок ---
26.02.2026 14:19:30 [INFO] [links] Известных ссылок: 76, в блэклисте: 4
26.02.2026 14:19:30 [DEBUG] [links] Запрашиваем страницу 0
26.02.2026 14:19:31 [INFO] [links] Дошли до известной ссылки: https://inkstory.net/discussion/a237aa75-00dc-4389-8cca-46039340a49f
26.02.2026 14:19:31 [INFO] [links] Новых ссылок нет
26.02.2026 14:19:31 [INFO] --- Шаг 2: парсинг постов ---
26.02.2026 14:19:31 [INFO] [posts] Ссылок для парсинга: 0, день: 5
26.02.2026 14:19:31 [INFO] [posts] Готово. Новых постов в очереди: 0
26.02.2026 14:19:31 [INFO] ==================================================
26.02.2026 14:19:31 [INFO] Готово. Новых ссылок: 0, постов в очереди: 0
26.02.2026 14:19:31 [INFO] ==================================================
26.02.2026 14:19:31 [INFO] [parser] Готово. Новых постов: 0, в очереди: 0
26.02.2026 14:49:29 [INFO] [job] Автозапуск парсера
26.02.2026 14:49:30 [INFO] ==================================================
26.02.2026 14:49:30 [INFO] Запуск парсера inkstory.net
26.02.2026 14:49:30 [INFO] ==================================================
26.02.2026 14:49:30 [INFO] --- Шаг 1: сбор ссылок ---
26.02.2026 14:49:30 [INFO] [links] Известных ссылок: 76, в блэклисте: 4
26.02.2026 14:49:30 [DEBUG] [links] Запрашиваем страницу 0
26.02.2026 14:49:31 [INFO] [links] Дошли до известной ссылки: https://inkstory.net/discussion/a237aa75-00dc-4389-8cca-46039340a49f
26.02.2026 14:49:31 [INFO] [links] Новых ссылок нет
26.02.2026 14:49:31 [INFO] --- Шаг 2: парсинг постов ---
26.02.2026 14:49:31 [INFO] [posts] Ссылок для парсинга: 0, день: 5
26.02.2026 14:49:31 [INFO] [posts] Готово. Новых постов в очереди: 0
26.02.2026 14:49:31 [INFO] ==================================================
26.02.2026 14:49:31 [INFO] Готово. Новых ссылок: 0, постов в очереди: 0
26.02.2026 14:49:31 [INFO] ==================================================
26.02.2026 14:49:31 [INFO] [parser] Готово. Новых постов: 0, в очереди: 0
26.02.2026 15:19:29 [INFO] [job] Автозапуск парсера
26.02.2026 15:19:30 [INFO] ==================================================
26.02.2026 15:19:30 [INFO] Запуск парсера inkstory.net
26.02.2026 15:19:30 [INFO] ==================================================
26.02.2026 15:19:30 [INFO] --- Шаг 1: сбор ссылок ---
26.02.2026 15:19:30 [INFO] [links] Известных ссылок: 76, в блэклисте: 4
26.02.2026 15:19:30 [DEBUG] [links] Запрашиваем страницу 0
26.02.2026 15:19:31 [INFO] [links] Дошли до известной ссылки: https://inkstory.net/discussion/a237aa75-00dc-4389-8cca-46039340a49f
26.02.2026 15:19:31 [INFO] [links] Новых ссылок нет
26.02.2026 15:19:31 [INFO] --- Шаг 2: парсинг постов ---
26.02.2026 15:19:31 [INFO] [posts] Ссылок для парсинга: 0, день: 5
26.02.2026 15:19:31 [INFO] [posts] Готово. Новых постов в очереди: 0
26.02.2026 15:19:31 [INFO] ==================================================
26.02.2026 15:19:31 [INFO] Готово. Новых ссылок: 0, постов в очереди: 0
26.02.2026 15:19:31 [INFO] ==================================================
26.02.2026 15:19:31 [INFO] [parser] Готово. Новых постов: 0, в очереди: 0
26.02.2026 15:21:28 [INFO] [admin] kit3ykpaini открыл панель
26.02.2026 15:49:29 [INFO] [job] Автозапуск парсера
26.02.2026 15:49:30 [INFO] ==================================================
26.02.2026 15:49:30 [INFO] Запуск парсера inkstory.net
26.02.2026 15:49:30 [INFO] ==================================================
26.02.2026 15:49:30 [INFO] --- Шаг 1: сбор ссылок ---
26.02.2026 15:49:30 [INFO] [links] Известных ссылок: 76, в блэклисте: 4
26.02.2026 15:49:30 [DEBUG] [links] Запрашиваем страницу 0
26.02.2026 15:49:31 [INFO] [links] Дошли до известной ссылки: https://inkstory.net/discussion/a237aa75-00dc-4389-8cca-46039340a49f
26.02.2026 15:49:31 [INFO] [links] Новых ссылок нет
26.02.2026 15:49:31 [INFO] --- Шаг 2: парсинг постов ---
26.02.2026 15:49:31 [INFO] [posts] Ссылок для парсинга: 0, день: 5
26.02.2026 15:49:31 [INFO] [posts] Готово. Новых постов в очереди: 0
26.02.2026 15:49:31 [INFO] ==================================================
26.02.2026 15:49:31 [INFO] Готово. Новых ссылок: 0, постов в очереди: 0
26.02.2026 15:49:31 [INFO] ==================================================
26.02.2026 15:49:31 [INFO] [parser] Готово. Новых постов: 0, в очереди: 0
26.02.2026 16:19:29 [INFO] [job] Автозапуск парсера
26.02.2026 16:19:30 [INFO] ==================================================
26.02.2026 16:19:30 [INFO] Запуск парсера inkstory.net
26.02.2026 16:19:30 [INFO] ==================================================
26.02.2026 16:19:30 [INFO] --- Шаг 1: сбор ссылок ---
26.02.2026 16:19:30 [INFO] [links] Известных ссылок: 76, в блэклисте: 4
26.02.2026 16:19:30 [DEBUG] [links] Запрашиваем страницу 0
26.02.2026 16:19:31 [INFO] [links] Дошли до известной ссылки: https://inkstory.net/discussion/a237aa75-00dc-4389-8cca-46039340a49f
26.02.2026 16:19:31 [INFO] [links] Новых ссылок нет
26.02.2026 16:19:31 [INFO] --- Шаг 2: парсинг постов ---
26.02.2026 16:19:31 [INFO] [posts] Ссылок для парсинга: 0, день: 5
26.02.2026 16:19:31 [INFO] [posts] Готово. Новых постов в очереди: 0
26.02.2026 16:19:31 [INFO] ==================================================
26.02.2026 16:19:31 [INFO] Готово. Новых ссылок: 0, постов в очереди: 0
26.02.2026 16:19:31 [INFO] ==================================================
26.02.2026 16:19:31 [INFO] [parser] Готово. Новых постов: 0, в очереди: 0
26.02.2026 16:49:29 [INFO] [job] Автозапуск парсера
26.02.2026 16:49:30 [INFO] ==================================================
26.02.2026 16:49:30 [INFO] Запуск парсера inkstory.net
26.02.2026 16:49:30 [INFO] ==================================================
26.02.2026 16:49:30 [INFO] --- Шаг 1: сбор ссылок ---
26.02.2026 16:49:30 [INFO] [links] Известных ссылок: 76, в блэклисте: 4
26.02.2026 16:49:30 [DEBUG] [links] Запрашиваем страницу 0
26.02.2026 16:49:31 [INFO] [links] Дошли до известной ссылки: https://inkstory.net/discussion/a237aa75-00dc-4389-8cca-46039340a49f
26.02.2026 16:49:31 [INFO] [links] Сохранено новых ссылок: 1
26.02.2026 16:49:31 [INFO] --- Шаг 2: парсинг постов ---
26.02.2026 16:49:31 [INFO] [posts] Ссылок для парсинга: 1, день: 5
26.02.2026 16:49:31 [DEBUG] [posts] [1/1] https://inkstory.net/discussion/e3dfb02e-bdad-429e-b0f7-82e44b78dc49
26.02.2026 16:49:31 [INFO] [posts] Сохранён: Shoy — https://inkstory.net/discussion/e3dfb02e-bdad-429e-b0f7-82e44b78dc49 (8 слов)
26.02.2026 16:49:33 [INFO] [posts] Готово. Новых постов в очереди: 1
26.02.2026 16:49:33 [INFO] ==================================================
26.02.2026 16:49:33 [INFO] Готово. Новых ссылок: 1, постов в очереди: 1
26.02.2026 16:49:33 [INFO] ==================================================
26.02.2026 16:49:33 [INFO] [parser] Готово. Новых постов: 1, в очереди: 1
26.02.2026 16:49:34 [INFO] [job] Уведомлено жюри: 5/5
26.02.2026 16:52:24 [INFO] [next] latitude2 взял пост #135 — https://inkstory.net/discussion/e3dfb02e-bdad-429e-b0f7-82e44b78dc49
26.02.2026 16:52:36 [INFO] [reject] latitude2 → #135: few_words
26.02.2026 17:19:29 [INFO] [job] Автозапуск парсера
26.02.2026 17:19:30 [INFO] ==================================================
26.02.2026 17:19:30 [INFO] Запуск парсера inkstory.net
26.02.2026 17:19:30 [INFO] ==================================================
26.02.2026 17:19:30 [INFO] --- Шаг 1: сбор ссылок ---
26.02.2026 17:19:30 [INFO] [links] Известных ссылок: 77, в блэклисте: 4
26.02.2026 17:19:30 [DEBUG] [links] Запрашиваем страницу 0
26.02.2026 17:19:31 [INFO] [links] Дошли до известной ссылки: https://inkstory.net/discussion/e3dfb02e-bdad-429e-b0f7-82e44b78dc49
26.02.2026 17:19:31 [INFO] [links] Сохранено новых ссылок: 1
26.02.2026 17:19:31 [INFO] --- Шаг 2: парсинг постов ---
26.02.2026 17:19:31 [INFO] [posts] Ссылок для парсинга: 1, день: 5
26.02.2026 17:19:31 [DEBUG] [posts] [1/1] https://inkstory.net/discussion/d819aa31-a835-4c26-a4f7-eff0c40a33d8
26.02.2026 17:19:31 [INFO] [posts] Сохранён: Koshakbas — https://inkstory.net/discussion/d819aa31-a835-4c26-a4f7-eff0c40a33d8 (39 слов)
26.02.2026 17:19:33 [INFO] [posts] Готово. Новых постов в очереди: 1
26.02.2026 17:19:33 [INFO] ==================================================
26.02.2026 17:19:33 [INFO] Готово. Новых ссылок: 1, постов в очереди: 1
26.02.2026 17:19:33 [INFO] ==================================================
26.02.2026 17:19:33 [INFO] [parser] Готово. Новых постов: 1, в очереди: 1
26.02.2026 17:19:34 [INFO] [job] Уведомлено жюри: 5/5
26.02.2026 17:19:38 [INFO] [next] latitude2 взял пост #136 — https://inkstory.net/discussion/d819aa31-a835-4c26-a4f7-eff0c40a33d8
26.02.2026 17:20:05 [INFO] [reject] latitude2 → #136: few_words
26.02.2026 17:36:57 [INFO] [admin] kit3ykpaini открыл панель
26.02.2026 17:36:59 [INFO] [admin:kit3ykpaini] Проверяющие
26.02.2026 17:49:29 [INFO] [job] Автозапуск парсера
26.02.2026 17:49:30 [INFO] ==================================================
26.02.2026 17:49:30 [INFO] Запуск парсера inkstory.net
26.02.2026 17:49:30 [INFO] ==================================================
26.02.2026 17:49:30 [INFO] --- Шаг 1: сбор ссылок ---
26.02.2026 17:49:30 [INFO] [links] Известных ссылок: 78, в блэклисте: 4
26.02.2026 17:49:30 [DEBUG] [links] Запрашиваем страницу 0
26.02.2026 17:49:31 [INFO] [links] Дошли до известной ссылки: https://inkstory.net/discussion/d819aa31-a835-4c26-a4f7-eff0c40a33d8
26.02.2026 17:49:31 [INFO] [links] Сохранено новых ссылок: 1
26.02.2026 17:49:31 [INFO] --- Шаг 2: парсинг постов ---
26.02.2026 17:49:31 [INFO] [posts] Ссылок для парсинга: 1, день: 5
26.02.2026 17:49:31 [DEBUG] [posts] [1/1] https://inkstory.net/discussion/139b98c9-ba73-4516-a8fd-c59e3e409300
26.02.2026 17:49:31 [INFO] [posts] Сохранён: FrauMilFA — https://inkstory.net/discussion/139b98c9-ba73-4516-a8fd-c59e3e409300 (26 слов)
26.02.2026 17:49:33 [INFO] [posts] Готово. Новых постов в очереди: 1
26.02.2026 17:49:33 [INFO] ==================================================
26.02.2026 17:49:33 [INFO] Готово. Новых ссылок: 1, постов в очереди: 1
26.02.2026 17:49:33 [INFO] ==================================================
26.02.2026 17:49:33 [INFO] [parser] Готово. Новых постов: 1, в очереди: 1
26.02.2026 17:49:34 [INFO] [job] Уведомлено жюри: 5/5
26.02.2026 17:50:15 [INFO] [next] kit3ykpaini взял пост #137 — https://inkstory.net/discussion/139b98c9-ba73-4516-a8fd-c59e3e409300
26.02.2026 17:50:18 [INFO] [reject] kit3ykpaini → #137: few_words
26.02.2026 18:19:29 [INFO] [job] Автозапуск парсера
26.02.2026 18:19:30 [INFO] ==================================================
26.02.2026 18:19:30 [INFO] Запуск парсера inkstory.net
26.02.2026 18:19:30 [INFO] ==================================================
26.02.2026 18:19:30 [INFO] --- Шаг 1: сбор ссылок ---
26.02.2026 18:19:30 [INFO] [links] Известных ссылок: 79, в блэклисте: 4
26.02.2026 18:19:30 [DEBUG] [links] Запрашиваем страницу 0
26.02.2026 18:19:31 [INFO] [links] Дошли до известной ссылки: https://inkstory.net/discussion/139b98c9-ba73-4516-a8fd-c59e3e409300
26.02.2026 18:19:31 [INFO] [links] Новых ссылок нет
26.02.2026 18:19:31 [INFO] --- Шаг 2: парсинг постов ---
26.02.2026 18:19:31 [INFO] [posts] Ссылок для парсинга: 0, день: 5
26.02.2026 18:19:31 [INFO] [posts] Готово. Новых постов в очереди: 0
26.02.2026 18:19:31 [INFO] ==================================================
26.02.2026 18:19:31 [INFO] Готово. Новых ссылок: 0, постов в очереди: 0
26.02.2026 18:19:31 [INFO] ==================================================
26.02.2026 18:19:31 [INFO] [parser] Готово. Новых постов: 0, в очереди: 0
26.02.2026 18:49:29 [INFO] [job] Автозапуск парсера
26.02.2026 18:49:30 [INFO] ==================================================
26.02.2026 18:49:30 [INFO] Запуск парсера inkstory.net
26.02.2026 18:49:30 [INFO] ==================================================
26.02.2026 18:49:30 [INFO] --- Шаг 1: сбор ссылок ---
26.02.2026 18:49:30 [INFO] [links] Известных ссылок: 79, в блэклисте: 4
26.02.2026 18:49:30 [DEBUG] [links] Запрашиваем страницу 0
26.02.2026 18:49:31 [INFO] [links] Дошли до известной ссылки: https://inkstory.net/discussion/139b98c9-ba73-4516-a8fd-c59e3e409300
26.02.2026 18:49:31 [INFO] [links] Новых ссылок нет
26.02.2026 18:49:31 [INFO] --- Шаг 2: парсинг постов ---
26.02.2026 18:49:31 [INFO] [posts] Ссылок для парсинга: 0, день: 5
26.02.2026 18:49:31 [INFO] [posts] Готово. Новых постов в очереди: 0
26.02.2026 18:49:31 [INFO] ==================================================
26.02.2026 18:49:31 [INFO] Готово. Новых ссылок: 0, постов в очереди: 0
26.02.2026 18:49:31 [INFO] ==================================================
26.02.2026 18:49:31 [INFO] [parser] Готово. Новых постов: 0, в очереди: 0
26.02.2026 19:19:29 [INFO] [job] Автозапуск парсера
26.02.2026 19:19:30 [INFO] ==================================================
26.02.2026 19:19:30 [INFO] Запуск парсера inkstory.net
26.02.2026 19:19:30 [INFO] ==================================================
26.02.2026 19:19:30 [INFO] --- Шаг 1: сбор ссылок ---
26.02.2026 19:19:30 [INFO] [links] Известных ссылок: 79, в блэклисте: 4
26.02.2026 19:19:30 [DEBUG] [links] Запрашиваем страницу 0
26.02.2026 19:19:31 [INFO] [links] Дошли до известной ссылки: https://inkstory.net/discussion/139b98c9-ba73-4516-a8fd-c59e3e409300
26.02.2026 19:19:31 [INFO] [links] Новых ссылок нет
26.02.2026 19:19:31 [INFO] --- Шаг 2: парсинг постов ---
26.02.2026 19:19:31 [INFO] [posts] Ссылок для парсинга: 0, день: 5
26.02.2026 19:19:31 [INFO] [posts] Готово. Новых постов в очереди: 0
26.02.2026 19:19:31 [INFO] ==================================================
26.02.2026 19:19:31 [INFO] Готово. Новых ссылок: 0, постов в очереди: 0
26.02.2026 19:19:31 [INFO] ==================================================
26.02.2026 19:19:31 [INFO] [parser] Готово. Новых постов: 0, в очереди: 0
26.02.2026 19:49:29 [INFO] [job] Автозапуск парсера
26.02.2026 19:49:30 [INFO] ==================================================
26.02.2026 19:49:30 [INFO] Запуск парсера inkstory.net
26.02.2026 19:49:30 [INFO] ==================================================
26.02.2026 19:49:30 [INFO] --- Шаг 1: сбор ссылок ---
26.02.2026 19:49:30 [INFO] [links] Известных ссылок: 79, в блэклисте: 4
26.02.2026 19:49:30 [DEBUG] [links] Запрашиваем страницу 0
26.02.2026 19:49:31 [INFO] [links] Дошли до известной ссылки: https://inkstory.net/discussion/139b98c9-ba73-4516-a8fd-c59e3e409300
26.02.2026 19:49:31 [INFO] [links] Сохранено новых ссылок: 1
26.02.2026 19:49:31 [INFO] --- Шаг 2: парсинг постов ---
26.02.2026 19:49:31 [INFO] [posts] Ссылок для парсинга: 1, день: 5
26.02.2026 19:49:31 [DEBUG] [posts] [1/1] https://inkstory.net/discussion/f1f54a72-e6d7-4d98-b12c-9d0e4709846d
26.02.2026 19:49:31 [INFO] [posts] Сохранён: Сисидна — https://inkstory.net/discussion/f1f54a72-e6d7-4d98-b12c-9d0e4709846d (59 слов)
26.02.2026 19:49:33 [INFO] [posts] Готово. Новых постов в очереди: 1
26.02.2026 19:49:33 [INFO] ==================================================
26.02.2026 19:49:33 [INFO] Готово. Новых ссылок: 1, постов в очереди: 1
26.02.2026 19:49:33 [INFO] ==================================================
26.02.2026 19:49:33 [INFO] [parser] Готово. Новых постов: 1, в очереди: 1
26.02.2026 19:49:34 [INFO] [job] Уведомлено жюри: 5/5
26.02.2026 19:49:38 [INFO] [next] Tamillar взял пост #138 — https://inkstory.net/discussion/f1f54a72-e6d7-4d98-b12c-9d0e4709846d
26.02.2026 19:50:53 [INFO] [check] Tamillar → #138: слов=59, ошибок=0
26.02.2026 20:19:29 [INFO] [job] Автозапуск парсера
26.02.2026 20:19:30 [INFO] ==================================================
26.02.2026 20:19:30 [INFO] Запуск парсера inkstory.net
26.02.2026 20:19:30 [INFO] ==================================================
26.02.2026 20:19:30 [INFO] --- Шаг 1: сбор ссылок ---
26.02.2026 20:19:30 [INFO] [links] Известных ссылок: 80, в блэклисте: 4
26.02.2026 20:19:30 [DEBUG] [links] Запрашиваем страницу 0
26.02.2026 20:19:31 [INFO] [links] Дошли до известной ссылки: https://inkstory.net/discussion/f1f54a72-e6d7-4d98-b12c-9d0e4709846d
26.02.2026 20:19:31 [INFO] [links] Новых ссылок нет
26.02.2026 20:19:31 [INFO] --- Шаг 2: парсинг постов ---
26.02.2026 20:19:31 [INFO] [posts] Ссылок для парсинга: 0, день: 5
26.02.2026 20:19:31 [INFO] [posts] Готово. Новых постов в очереди: 0
26.02.2026 20:19:31 [INFO] ==================================================
26.02.2026 20:19:31 [INFO] Готово. Новых ссылок: 0, постов в очереди: 0
26.02.2026 20:19:31 [INFO] ==================================================
26.02.2026 20:19:31 [INFO] [parser] Готово. Новых постов: 0, в очереди: 0
26.02.2026 20:49:29 [INFO] [job] Автозапуск парсера
26.02.2026 20:49:30 [INFO] ==================================================
26.02.2026 20:49:30 [INFO] Запуск парсера inkstory.net
26.02.2026 20:49:30 [INFO] ==================================================
26.02.2026 20:49:30 [INFO] --- Шаг 1: сбор ссылок ---
26.02.2026 20:49:30 [INFO] [links] Известных ссылок: 80, в блэклисте: 4
26.02.2026 20:49:30 [DEBUG] [links] Запрашиваем страницу 0
26.02.2026 20:49:31 [INFO] [links] Дошли до известной ссылки: https://inkstory.net/discussion/f1f54a72-e6d7-4d98-b12c-9d0e4709846d
26.02.2026 20:49:31 [INFO] [links] Сохранено новых ссылок: 1
26.02.2026 20:49:31 [INFO] --- Шаг 2: парсинг постов ---
26.02.2026 20:49:31 [INFO] [posts] Ссылок для парсинга: 1, день: 5
26.02.2026 20:49:31 [DEBUG] [posts] [1/1] https://inkstory.net/discussion/be923a8e-2d60-4abd-979d-aca5ce0bf39f
26.02.2026 20:49:31 [INFO] [posts] Сохранён: Young_wanderer — https://inkstory.net/discussion/be923a8e-2d60-4abd-979d-aca5ce0bf39f (939 слов)
26.02.2026 20:49:33 [INFO] [posts] Готово. Новых постов в очереди: 1
26.02.2026 20:49:33 [INFO] ==================================================
26.02.2026 20:49:33 [INFO] Готово. Новых ссылок: 1, постов в очереди: 1
26.02.2026 20:49:33 [INFO] ==================================================
26.02.2026 20:49:33 [INFO] [parser] Готово. Новых постов: 1, в очереди: 1
26.02.2026 20:49:34 [INFO] [job] Уведомлено жюри: 5/5
26.02.2026 20:49:38 [INFO] [next] Tamillar взял пост #139 — https://inkstory.net/discussion/be923a8e-2d60-4abd-979d-aca5ce0bf39f
26.02.2026 21:01:25 [INFO] [check] Tamillar → #139: слов=939, ошибок=111
26.02.2026 22:08:48 [INFO] ==================================================
26.02.2026 22:08:48 [INFO] Бот запущен
26.02.2026 22:08:48 [INFO] ==================================================
26.02.2026 22:08:49 [INFO] [scheduler] Автопарсер каждые 30 мин, финальный в 23:55, смена дня в 00:01
26.02.2026 22:09:49 [INFO] [job] Автозапуск парсера
26.02.2026 22:09:51 [INFO] ==================================================
26.02.2026 22:09:51 [INFO] Запуск парсера inkstory.net
26.02.2026 22:09:51 [INFO] ==================================================
26.02.2026 22:09:51 [INFO] --- Шаг 1: сбор ссылок ---
26.02.2026 22:09:51 [INFO] [links] Известных ссылок: 81, в блэклисте: 4
26.02.2026 22:09:51 [DEBUG] [links] Запрашиваем страницу 0
26.02.2026 22:09:51 [INFO] [links] Дошли до известной ссылки: https://inkstory.net/discussion/be923a8e-2d60-4abd-979d-aca5ce0bf39f
26.02.2026 22:09:51 [INFO] [links] Сохранено новых ссылок: 3
26.02.2026 22:09:51 [INFO] --- Шаг 2: парсинг постов ---
26.02.2026 22:09:51 [INFO] [posts] Ссылок для парсинга: 3, день: 5
26.02.2026 22:09:51 [DEBUG] [posts] [1/3] https://inkstory.net/discussion/5631e896-781c-44d1-b3d1-f0be576aeabb
26.02.2026 22:09:52 [INFO] [posts] Сохранён: Mity_Kabanchik — https://inkstory.net/discussion/5631e896-781c-44d1-b3d1-f0be576aeabb (277 слов)
26.02.2026 22:09:53 [DEBUG] [posts] [2/3] https://inkstory.net/discussion/92cd9580-2e24-46df-a9ce-274af5b24c56
26.02.2026 22:09:54 [INFO] [posts] Сохранён: MIICHKA — https://inkstory.net/discussion/92cd9580-2e24-46df-a9ce-274af5b24c56 (20 слов)
26.02.2026 22:09:56 [DEBUG] [posts] [3/3] https://inkstory.net/discussion/dc175582-77b1-46bb-a7ac-489733a4a606
26.02.2026 22:09:57 [INFO] [posts] Сохранён: Iviliel — https://inkstory.net/discussion/dc175582-77b1-46bb-a7ac-489733a4a606 (436 слов)
26.02.2026 22:09:59 [INFO] [posts] Готово. Новых постов в очереди: 3
26.02.2026 22:09:59 [INFO] ==================================================
26.02.2026 22:09:59 [INFO] Готово. Новых ссылок: 3, постов в очереди: 3
26.02.2026 22:09:59 [INFO] ==================================================
26.02.2026 22:09:59 [INFO] [parser] Готово. Новых постов: 3, в очереди: 3
26.02.2026 22:10:00 [INFO] [job] Уведомлено жюри: 5/5
26.02.2026 22:10:08 [INFO] [next] kit3ykpaini взял пост #140 — https://inkstory.net/discussion/5631e896-781c-44d1-b3d1-f0be576aeabb
26.02.2026 22:10:23 [INFO] [reject] kit3ykpaini → #140: ai_used
26.02.2026 22:10:24 [INFO] [next] kit3ykpaini взял пост #142 — https://inkstory.net/discussion/dc175582-77b1-46bb-a7ac-489733a4a606
26.02.2026 22:11:32 [INFO] [next] latitude2 взял пост #141 — https://inkstory.net/discussion/92cd9580-2e24-46df-a9ce-274af5b24c56
26.02.2026 22:11:53 [INFO] [reject] latitude2 → #141: few_words
26.02.2026 22:12:41 [INFO] [check] kit3ykpaini → #142: слов=430, ошибок=14
26.02.2026 22:39:49 [INFO] [job] Автозапуск парсера
26.02.2026 22:39:51 [INFO] ==================================================
26.02.2026 22:39:51 [INFO] Запуск парсера inkstory.net
26.02.2026 22:39:51 [INFO] ==================================================
26.02.2026 22:39:51 [INFO] --- Шаг 1: сбор ссылок ---
26.02.2026 22:39:51 [INFO] [links] Известных ссылок: 84, в блэклисте: 4
26.02.2026 22:39:51 [DEBUG] [links] Запрашиваем страницу 0
26.02.2026 22:39:52 [INFO] [links] Дошли до известной ссылки: https://inkstory.net/discussion/5631e896-781c-44d1-b3d1-f0be576aeabb
26.02.2026 22:39:52 [INFO] [links] Сохранено новых ссылок: 1
26.02.2026 22:39:52 [INFO] --- Шаг 2: парсинг постов ---
26.02.2026 22:39:52 [INFO] [posts] Ссылок для парсинга: 1, день: 5
26.02.2026 22:39:52 [DEBUG] [posts] [1/1] https://inkstory.net/discussion/d77b4241-3b6c-4d4c-bbff-95e2662f0fd1
26.02.2026 22:39:53 [INFO] [posts] Сохранён: Histrionic — https://inkstory.net/discussion/d77b4241-3b6c-4d4c-bbff-95e2662f0fd1 (152 слов)
26.02.2026 22:39:54 [INFO] [posts] Готово. Новых постов в очереди: 1
26.02.2026 22:39:54 [INFO] ==================================================
26.02.2026 22:39:54 [INFO] Готово. Новых ссылок: 1, постов в очереди: 1
26.02.2026 22:39:54 [INFO] ==================================================
26.02.2026 22:39:54 [INFO] [parser] Готово. Новых постов: 1, в очереди: 1
26.02.2026 22:39:55 [INFO] [job] Уведомлено жюри: 5/5
26.02.2026 22:40:03 [INFO] [next] latitude2 взял пост #143 — https://inkstory.net/discussion/d77b4241-3b6c-4d4c-bbff-95e2662f0fd1
26.02.2026 22:49:55 [INFO] [check] latitude2 → #143: слов=1, ошибок=1
26.02.2026 22:50:37 [INFO] [admin] kit3ykpaini открыл панель
26.02.2026 22:50:38 [INFO] [admin:kit3ykpaini] Логи
26.02.2026 22:50:40 [INFO] [admin:kit3ykpaini] Логи (50 строк)
26.02.2026 22:51:34 [INFO] [admin] kit3ykpaini открыл панель
26.02.2026 22:51:35 [INFO] [admin:kit3ykpaini] Логи
26.02.2026 22:51:36 [INFO] [admin:kit3ykpaini] Логи (50 строк)
26.02.2026 22:54:17 [INFO] [admin] kit3ykpaini открыл панель
26.02.2026 22:54:19 [INFO] [admin:kit3ykpaini] Логи
26.02.2026 22:54:19 [INFO] [admin:kit3ykpaini] Логи (50 строк)
26.02.2026 22:58:32 [INFO] [next] latitude2 взял пост #143 — https://inkstory.net/discussion/d77b4241-3b6c-4d4c-bbff-95e2662f0fd1
26.02.2026 22:58:39 [INFO] [check] latitude2 → #143: слов=152, ошибок=1
