27.02.2026 08:06:14 [INFO] ==================================================
27.02.2026 08:06:14 [INFO] Бот запущен
27.02.2026 08:06:14 [INFO] ==================================================
27.02.2026 08:06:15 [INFO] [scheduler] Автопарсер каждые 30 мин, финальный в 23:55, смена дня в 00:01
27.02.2026 08:07:15 [INFO] [job] Автозапуск парсера
27.02.2026 08:07:16 [INFO] ==================================================
27.02.2026 08:07:16 [INFO] Запуск парсера inkstory.net
27.02.2026 08:07:16 [INFO] ==================================================
27.02.2026 08:07:16 [INFO] --- Шаг 1: сбор ссылок ---
27.02.2026 08:07:16 [INFO] [links] Известных ссылок: 85, в блэклисте: 4
27.02.2026 08:07:16 [DEBUG] [links] Запрашиваем страницу 0
27.02.2026 08:07:16 [INFO] [links] Дошли до известной ссылки: https://inkstory.net/discussion/d77b4241-3b6c-4d4c-bbff-95e2662f0fd1
27.02.2026 08:07:17 [INFO] [links] Сохранено новых ссылок: 4
27.02.2026 08:07:17 [INFO] --- Шаг 2: парсинг постов ---
27.02.2026 08:07:17 [INFO] [posts] Ссылок для парсинга: 4, день: 6
27.02.2026 08:07:17 [DEBUG] [posts] [1/4] https://inkstory.net/discussion/ee2f6d3e-0847-491b-80e4-30feb198e118
27.02.2026 08:07:17 [INFO] [posts] Сохранён: Attaker — https://inkstory.net/discussion/ee2f6d3e-0847-491b-80e4-30feb198e118 (64 слов)
27.02.2026 08:07:19 [DEBUG] [posts] [2/4] https://inkstory.net/discussion/ad02ffb2-a2ca-4b42-b4b1-48edc468cdb5
27.02.2026 08:07:19 [INFO] [posts] Сохранён: ✝[812] — https://inkstory.net/discussion/ad02ffb2-a2ca-4b42-b4b1-48edc468cdb5 (0 слов)
27.02.2026 08:07:21 [DEBUG] [posts] [3/4] https://inkstory.net/discussion/b6e514e5-de2a-442c-aa44-8baea56e0119
27.02.2026 08:07:21 [INFO] [posts] Сохранён: Chon ma — https://inkstory.net/discussion/b6e514e5-de2a-442c-aa44-8baea56e0119 (49 слов)
27.02.2026 08:07:23 [DEBUG] [posts] [4/4] https://inkstory.net/discussion/d71ab00a-d66f-4fc6-a346-d59f2cbd34cc
27.02.2026 08:07:23 [INFO] [posts] Сохранён: Histrionic — https://inkstory.net/discussion/d71ab00a-d66f-4fc6-a346-d59f2cbd34cc (102 слов)
27.02.2026 08:07:25 [INFO] [posts] Готово. Новых постов в очереди: 4
27.02.2026 08:07:25 [INFO] ==================================================
27.02.2026 08:07:25 [INFO] Готово. Новых ссылок: 4, постов в очереди: 4
27.02.2026 08:07:25 [INFO] ==================================================
27.02.2026 08:07:25 [INFO] [parser] Готово. Новых постов: 4, в очереди: 4
27.02.2026 08:07:26 [INFO] [job] Уведомлено жюри: 5/5
27.02.2026 08:12:01 [INFO] [next] latitude2 взял пост #144 — https://inkstory.net/discussion/ee2f6d3e-0847-491b-80e4-30feb198e118
27.02.2026 08:13:13 [INFO] [check] latitude2 → #144: слов=64, ошибок=2
27.02.2026 08:13:17 [INFO] [next] latitude2 взял пост #145 — https://inkstory.net/discussion/ad02ffb2-a2ca-4b42-b4b1-48edc468cdb5
27.02.2026 08:13:33 [INFO] [reject] latitude2 → #145: few_words
27.02.2026 08:13:34 [INFO] [next] latitude2 взял пост #146 — https://inkstory.net/discussion/b6e514e5-de2a-442c-aa44-8baea56e0119
27.02.2026 08:14:05 [INFO] [reject] latitude2 → #146: few_words
27.02.2026 08:14:06 [INFO] [next] latitude2 взял пост #147 — https://inkstory.net/discussion/d71ab00a-d66f-4fc6-a346-d59f2cbd34cc
27.02.2026 08:15:26 [INFO] [check] latitude2 → #147: слов=102, ошибок=3
27.02.2026 08:37:15 [INFO] [job] Автозапуск парсера
27.02.2026 08:37:16 [INFO] ==================================================
27.02.2026 08:37:16 [INFO] Запуск парсера inkstory.net
27.02.2026 08:37:16 [INFO] ==================================================
27.02.2026 08:37:16 [INFO] --- Шаг 1: сбор ссылок ---
27.02.2026 08:37:16 [INFO] [links] Известных ссылок: 89, в блэклисте: 4
27.02.2026 08:37:16 [DEBUG] [links] Запрашиваем страницу 0
27.02.2026 08:37:16 [INFO] [links] Дошли до известной ссылки: https://inkstory.net/discussion/ee2f6d3e-0847-491b-80e4-30feb198e118
27.02.2026 08:37:16 [INFO] [links] Новых ссылок нет
27.02.2026 08:37:16 [INFO] --- Шаг 2: парсинг постов ---
27.02.2026 08:37:16 [INFO] [posts] Ссылок для парсинга: 0, день: 6
27.02.2026 08:37:16 [INFO] [posts] Готово. Новых постов в очереди: 0
27.02.2026 08:37:16 [INFO] ==================================================
27.02.2026 08:37:16 [INFO] Готово. Новых ссылок: 0, постов в очереди: 0
27.02.2026 08:37:16 [INFO] ==================================================
27.02.2026 08:37:17 [INFO] [parser] Готово. Новых постов: 0, в очереди: 0
27.02.2026 09:07:15 [INFO] [job] Автозапуск парсера
27.02.2026 09:07:16 [INFO] ==================================================
27.02.2026 09:07:16 [INFO] Запуск парсера inkstory.net
27.02.2026 09:07:16 [INFO] ==================================================
27.02.2026 09:07:16 [INFO] --- Шаг 1: сбор ссылок ---
27.02.2026 09:07:16 [INFO] [links] Известных ссылок: 89, в блэклисте: 4
27.02.2026 09:07:16 [DEBUG] [links] Запрашиваем страницу 0
27.02.2026 09:07:16 [INFO] [links] Дошли до известной ссылки: https://inkstory.net/discussion/ee2f6d3e-0847-491b-80e4-30feb198e118
27.02.2026 09:07:16 [INFO] [links] Новых ссылок нет
27.02.2026 09:07:16 [INFO] --- Шаг 2: парсинг постов ---
27.02.2026 09:07:16 [INFO] [posts] Ссылок для парсинга: 0, день: 6
27.02.2026 09:07:16 [INFO] [posts] Готово. Новых постов в очереди: 0
27.02.2026 09:07:16 [INFO] ==================================================
27.02.2026 09:07:16 [INFO] Готово. Новых ссылок: 0, постов в очереди: 0
27.02.2026 09:07:16 [INFO] ==================================================
27.02.2026 09:07:17 [INFO] [parser] Готово. Новых постов: 0, в очереди: 0
27.02.2026 09:37:15 [INFO] [job] Автозапуск парсера
27.02.2026 09:37:16 [INFO] ==================================================
27.02.2026 09:37:16 [INFO] Запуск парсера inkstory.net
27.02.2026 09:37:16 [INFO] ==================================================
27.02.2026 09:37:16 [INFO] --- Шаг 1: сбор ссылок ---
27.02.2026 09:37:16 [INFO] [links] Известных ссылок: 89, в блэклисте: 4
27.02.2026 09:37:16 [DEBUG] [links] Запрашиваем страницу 0
27.02.2026 09:37:16 [INFO] [links] Дошли до известной ссылки: https://inkstory.net/discussion/ee2f6d3e-0847-491b-80e4-30feb198e118
27.02.2026 09:37:16 [INFO] [links] Новых ссылок нет
27.02.2026 09:37:16 [INFO] --- Шаг 2: парсинг постов ---
27.02.2026 09:37:16 [INFO] [posts] Ссылок для парсинга: 0, день: 6
27.02.2026 09:37:16 [INFO] [posts] Готово. Новых постов в очереди: 0
27.02.2026 09:37:16 [INFO] ==================================================
27.02.2026 09:37:16 [INFO] Готово. Новых ссылок: 0, постов в очереди: 0
27.02.2026 09:37:16 [INFO] ==================================================
27.02.2026 09:37:17 [INFO] [parser] Готово. Новых постов: 0, в очереди: 0
27.02.2026 10:07:15 [INFO] [job] Автозапуск парсера
27.02.2026 10:07:16 [INFO] ==================================================
27.02.2026 10:07:16 [INFO] Запуск парсера inkstory.net
27.02.2026 10:07:16 [INFO] ==================================================
27.02.2026 10:07:16 [INFO] --- Шаг 1: сбор ссылок ---
27.02.2026 10:07:16 [INFO] [links] Известных ссылок: 89, в блэклисте: 4
27.02.2026 10:07:16 [DEBUG] [links] Запрашиваем страницу 0
27.02.2026 10:07:16 [INFO] [links] Дошли до известной ссылки: https://inkstory.net/discussion/ee2f6d3e-0847-491b-80e4-30feb198e118
27.02.2026 10:07:16 [INFO] [links] Новых ссылок нет
27.02.2026 10:07:16 [INFO] --- Шаг 2: парсинг постов ---
27.02.2026 10:07:16 [INFO] [posts] Ссылок для парсинга: 0, день: 6
27.02.2026 10:07:16 [INFO] [posts] Готово. Новых постов в очереди: 0
27.02.2026 10:07:16 [INFO] ==================================================
27.02.2026 10:07:16 [INFO] Готово. Новых ссылок: 0, постов в очереди: 0
27.02.2026 10:07:16 [INFO] ==================================================
27.02.2026 10:07:17 [INFO] [parser] Готово. Новых постов: 0, в очереди: 0
27.02.2026 10:37:15 [INFO] [job] Автозапуск парсера
27.02.2026 10:37:16 [INFO] ==================================================
27.02.2026 10:37:16 [INFO] Запуск парсера inkstory.net
27.02.2026 10:37:16 [INFO] ==================================================
27.02.2026 10:37:16 [INFO] --- Шаг 1: сбор ссылок ---
27.02.2026 10:37:16 [INFO] [links] Известных ссылок: 89, в блэклисте: 4
27.02.2026 10:37:16 [DEBUG] [links] Запрашиваем страницу 0
27.02.2026 10:37:16 [INFO] [links] Дошли до известной ссылки: https://inkstory.net/discussion/ee2f6d3e-0847-491b-80e4-30feb198e118
27.02.2026 10:37:16 [INFO] [links] Новых ссылок нет
27.02.2026 10:37:16 [INFO] --- Шаг 2: парсинг постов ---
27.02.2026 10:37:16 [INFO] [posts] Ссылок для парсинга: 0, день: 6
27.02.2026 10:37:16 [INFO] [posts] Готово. Новых постов в очереди: 0
27.02.2026 10:37:16 [INFO] ==================================================
27.02.2026 10:37:16 [INFO] Готово. Новых ссылок: 0, постов в очереди: 0
27.02.2026 10:37:16 [INFO] ==================================================
27.02.2026 10:37:17 [INFO] [parser] Готово. Новых постов: 0, в очереди: 0
27.02.2026 11:07:15 [INFO] [job] Автозапуск парсера
27.02.2026 11:07:16 [INFO] ==================================================
27.02.2026 11:07:16 [INFO] Запуск парсера inkstory.net
27.02.2026 11:07:16 [INFO] ==================================================
27.02.2026 11:07:16 [INFO] --- Шаг 1: сбор ссылок ---
27.02.2026 11:07:16 [INFO] [links] Известных ссылок: 89, в блэклисте: 4
27.02.2026 11:07:16 [DEBUG] [links] Запрашиваем страницу 0
27.02.2026 11:07:17 [INFO] [links] Дошли до известной ссылки: https://inkstory.net/discussion/ee2f6d3e-0847-491b-80e4-30feb198e118
27.02.2026 11:07:17 [INFO] [links] Новых ссылок нет
27.02.2026 11:07:17 [INFO] --- Шаг 2: парсинг постов ---
27.02.2026 11:07:17 [INFO] [posts] Ссылок для парсинга: 0, день: 6
27.02.2026 11:07:17 [INFO] [posts] Готово. Новых постов в очереди: 0
27.02.2026 11:07:17 [INFO] ==================================================
27.02.2026 11:07:17 [INFO] Готово. Новых ссылок: 0, постов в очереди: 0
27.02.2026 11:07:17 [INFO] ==================================================
27.02.2026 11:07:17 [INFO] [parser] Готово. Новых постов: 0, в очереди: 0
27.02.2026 11:37:15 [INFO] [job] Автозапуск парсера
27.02.2026 11:37:16 [INFO] ==================================================
27.02.2026 11:37:16 [INFO] Запуск парсера inkstory.net
27.02.2026 11:37:16 [INFO] ==================================================
27.02.2026 11:37:16 [INFO] --- Шаг 1: сбор ссылок ---
27.02.2026 11:37:16 [INFO] [links] Известных ссылок: 89, в блэклисте: 4
27.02.2026 11:37:16 [DEBUG] [links] Запрашиваем страницу 0
27.02.2026 11:37:16 [INFO] [links] Дошли до известной ссылки: https://inkstory.net/discussion/ee2f6d3e-0847-491b-80e4-30feb198e118
27.02.2026 11:37:16 [INFO] [links] Новых ссылок нет
27.02.2026 11:37:16 [INFO] --- Шаг 2: парсинг постов ---
27.02.2026 11:37:16 [INFO] [posts] Ссылок для парсинга: 0, день: 6
27.02.2026 11:37:16 [INFO] [posts] Готово. Новых постов в очереди: 0
27.02.2026 11:37:16 [INFO] ==================================================
27.02.2026 11:37:16 [INFO] Готово. Новых ссылок: 0, постов в очереди: 0
27.02.2026 11:37:16 [INFO] ==================================================
27.02.2026 11:37:17 [INFO] [parser] Готово. Новых постов: 0, в очереди: 0
27.02.2026 12:07:15 [INFO] [job] Автозапуск парсера
27.02.2026 12:07:16 [INFO] ==================================================
27.02.2026 12:07:16 [INFO] Запуск парсера inkstory.net
27.02.2026 12:07:16 [INFO] ==================================================
27.02.2026 12:07:16 [INFO] --- Шаг 1: сбор ссылок ---
27.02.2026 12:07:16 [INFO] [links] Известных ссылок: 89, в блэклисте: 4
27.02.2026 12:07:16 [DEBUG] [links] Запрашиваем страницу 0
27.02.2026 12:07:16 [INFO] [links] Дошли до известной ссылки: https://inkstory.net/discussion/ee2f6d3e-0847-491b-80e4-30feb198e118
27.02.2026 12:07:16 [INFO] [links] Новых ссылок нет
27.02.2026 12:07:16 [INFO] --- Шаг 2: парсинг постов ---
27.02.2026 12:07:16 [INFO] [posts] Ссылок для парсинга: 0, день: 6
27.02.2026 12:07:16 [INFO] [posts] Готово. Новых постов в очереди: 0
27.02.2026 12:07:16 [INFO] ==================================================
27.02.2026 12:07:16 [INFO] Готово. Новых ссылок: 0, постов в очереди: 0
27.02.2026 12:07:16 [INFO] ==================================================
27.02.2026 12:07:17 [INFO] [parser] Готово. Новых постов: 0, в очереди: 0
27.02.2026 12:37:15 [INFO] [job] Автозапуск парсера
27.02.2026 12:37:16 [INFO] ==================================================
27.02.2026 12:37:16 [INFO] Запуск парсера inkstory.net
27.02.2026 12:37:16 [INFO] ==================================================
27.02.2026 12:37:16 [INFO] --- Шаг 1: сбор ссылок ---
27.02.2026 12:37:16 [INFO] [links] Известных ссылок: 89, в блэклисте: 4
27.02.2026 12:37:16 [DEBUG] [links] Запрашиваем страницу 0
27.02.2026 12:37:16 [INFO] [links] Дошли до известной ссылки: https://inkstory.net/discussion/ee2f6d3e-0847-491b-80e4-30feb198e118
27.02.2026 12:37:16 [INFO] [links] Сохранено новых ссылок: 2
27.02.2026 12:37:16 [INFO] --- Шаг 2: парсинг постов ---
27.02.2026 12:37:16 [INFO] [posts] Ссылок для парсинга: 2, день: 6
27.02.2026 12:37:16 [DEBUG] [posts] [1/2] https://inkstory.net/discussion/dedad014-3674-4b28-8bd7-c24c32f3db58
27.02.2026 12:37:17 [INFO] [posts] Сохранён: nameless wanderer — https://inkstory.net/discussion/dedad014-3674-4b28-8bd7-c24c32f3db58 (34 слов)
27.02.2026 12:37:18 [DEBUG] [posts] [2/2] https://inkstory.net/discussion/6ae1806f-a9da-4422-83d1-c89b83a8d158
27.02.2026 12:37:19 [INFO] [posts] Сохранён: Mrachnus — https://inkstory.net/discussion/6ae1806f-a9da-4422-83d1-c89b83a8d158 (28 слов)
27.02.2026 12:37:20 [INFO] [posts] Готово. Новых постов в очереди: 2
27.02.2026 12:37:20 [INFO] ==================================================
27.02.2026 12:37:20 [INFO] Готово. Новых ссылок: 2, постов в очереди: 2
27.02.2026 12:37:20 [INFO] ==================================================
27.02.2026 12:37:21 [INFO] [parser] Готово. Новых постов: 2, в очереди: 2
27.02.2026 12:37:21 [INFO] [job] Уведомлено жюри: 5/5
27.02.2026 12:41:36 [INFO] [next] Tamillar взял пост #148 — https://inkstory.net/discussion/dedad014-3674-4b28-8bd7-c24c32f3db58
27.02.2026 12:41:47 [INFO] [reject] Tamillar → #148: few_words
27.02.2026 12:41:48 [INFO] [next] Tamillar взял пост #149 — https://inkstory.net/discussion/6ae1806f-a9da-4422-83d1-c89b83a8d158
27.02.2026 12:41:51 [INFO] [reject] Tamillar → #149: few_words
27.02.2026 13:07:15 [INFO] [job] Автозапуск парсера
27.02.2026 13:07:16 [INFO] ==================================================
27.02.2026 13:07:16 [INFO] Запуск парсера inkstory.net
27.02.2026 13:07:16 [INFO] ==================================================
27.02.2026 13:07:16 [INFO] --- Шаг 1: сбор ссылок ---
27.02.2026 13:07:16 [INFO] [links] Известных ссылок: 91, в блэклисте: 4
27.02.2026 13:07:16 [DEBUG] [links] Запрашиваем страницу 0
27.02.2026 13:07:16 [INFO] [links] Дошли до известной ссылки: https://inkstory.net/discussion/dedad014-3674-4b28-8bd7-c24c32f3db58
27.02.2026 13:07:16 [INFO] [links] Новых ссылок нет
27.02.2026 13:07:16 [INFO] --- Шаг 2: парсинг постов ---
27.02.2026 13:07:16 [INFO] [posts] Ссылок для парсинга: 0, день: 6
27.02.2026 13:07:16 [INFO] [posts] Готово. Новых постов в очереди: 0
27.02.2026 13:07:16 [INFO] ==================================================
27.02.2026 13:07:16 [INFO] Готово. Новых ссылок: 0, постов в очереди: 0
27.02.2026 13:07:16 [INFO] ==================================================
27.02.2026 13:07:17 [INFO] [parser] Готово. Новых постов: 0, в очереди: 0
27.02.2026 13:37:15 [INFO] [job] Автозапуск парсера
27.02.2026 13:37:16 [INFO] ==================================================
27.02.2026 13:37:16 [INFO] Запуск парсера inkstory.net
27.02.2026 13:37:16 [INFO] ==================================================
27.02.2026 13:37:16 [INFO] --- Шаг 1: сбор ссылок ---
27.02.2026 13:37:16 [INFO] [links] Известных ссылок: 91, в блэклисте: 4
27.02.2026 13:37:16 [DEBUG] [links] Запрашиваем страницу 0
27.02.2026 13:37:16 [INFO] [links] Дошли до известной ссылки: https://inkstory.net/discussion/dedad014-3674-4b28-8bd7-c24c32f3db58
27.02.2026 13:37:16 [INFO] [links] Сохранено новых ссылок: 1
27.02.2026 13:37:16 [INFO] --- Шаг 2: парсинг постов ---
27.02.2026 13:37:16 [INFO] [posts] Ссылок для парсинга: 1, день: 6
27.02.2026 13:37:16 [DEBUG] [posts] [1/1] https://inkstory.net/discussion/63ae8802-51a2-49ef-831b-07312d0fae55
27.02.2026 13:37:17 [INFO] [posts] Сохранён: [AZTL]Alenik[XP] — https://inkstory.net/discussion/63ae8802-51a2-49ef-831b-07312d0fae55 (46 слов)
27.02.2026 13:37:18 [INFO] [posts] Готово. Новых постов в очереди: 1
27.02.2026 13:37:18 [INFO] ==================================================
27.02.2026 13:37:18 [INFO] Готово. Новых ссылок: 1, постов в очереди: 1
27.02.2026 13:37:18 [INFO] ==================================================
27.02.2026 13:37:19 [INFO] [parser] Готово. Новых постов: 1, в очереди: 1
27.02.2026 13:37:19 [INFO] [job] Уведомлено жюри: 5/5
27.02.2026 13:38:56 [INFO] [next] kit3ykpaini взял пост #150 — https://inkstory.net/discussion/63ae8802-51a2-49ef-831b-07312d0fae55
27.02.2026 13:39:23 [INFO] [reject] kit3ykpaini → #150: few_words
27.02.2026 13:48:46 [INFO] ==================================================
27.02.2026 13:48:46 [INFO] Бот запущен
27.02.2026 13:48:46 [INFO] ==================================================
27.02.2026 13:48:46 [INFO] [scheduler] Автопарсер каждые 30 мин, финальный в 23:55, смена дня в 00:01
27.02.2026 13:48:47 [INFO] [startup] Уведомлено жюри: 4
27.02.2026 13:49:31 [INFO] [admin] kit3ykpaini открыл панель
27.02.2026 13:49:34 [INFO] [admin:kit3ykpaini] Верификация
27.02.2026 13:49:46 [INFO] [job] Автозапуск парсера
27.02.2026 13:49:48 [INFO] ==================================================
27.02.2026 13:49:48 [INFO] Запуск парсера inkstory.net
27.02.2026 13:49:48 [INFO] ==================================================
27.02.2026 13:49:48 [INFO] --- Шаг 1: сбор ссылок ---
27.02.2026 13:49:48 [INFO] [links] Известных ссылок: 92, в блэклисте: 4
27.02.2026 13:49:48 [DEBUG] [links] Запрашиваем страницу 0
27.02.2026 13:49:48 [INFO] [links] Дошли до известной ссылки: https://inkstory.net/discussion/63ae8802-51a2-49ef-831b-07312d0fae55
27.02.2026 13:49:48 [INFO] [links] Новых ссылок нет
27.02.2026 13:49:48 [INFO] --- Шаг 2: парсинг постов ---
27.02.2026 13:49:48 [INFO] [posts] Ссылок для парсинга: 0, день: 6
27.02.2026 13:49:48 [INFO] [posts] Готово. Новых постов в очереди: 0
27.02.2026 13:49:48 [INFO] ==================================================
27.02.2026 13:49:48 [INFO] Готово. Новых ссылок: 0, постов в очереди: 0
27.02.2026 13:49:48 [INFO] ==================================================
27.02.2026 13:49:48 [INFO] [parser] Готово. Новых постов: 0, в очереди: 0
27.02.2026 13:50:17 [INFO] [admin:kit3ykpaini] Выключение бота. Причина: Обновление и тестировка
27.02.2026 13:50:17 [INFO] [admin] Бот остановлен администратором
27.02.2026 14:08:09 [INFO] ==================================================
27.02.2026 14:08:09 [INFO] Бот запущен
27.02.2026 14:08:09 [INFO] ==================================================
27.02.2026 14:08:10 [INFO] [scheduler] Автопарсер каждые 30 мин, финальный в 23:55, смена дня в 00:01
27.02.2026 14:08:10 [INFO] [startup] Уведомлено жюри: 4
27.02.2026 14:09:10 [INFO] [job] Автозапуск парсера
27.02.2026 14:09:11 [INFO] ==================================================
27.02.2026 14:09:11 [INFO] Запуск парсера inkstory.net
27.02.2026 14:09:11 [INFO] ==================================================
27.02.2026 14:09:11 [INFO] --- Шаг 1: сбор ссылок ---
27.02.2026 14:09:11 [INFO] [links] Известных ссылок: 92, в блэклисте: 4
27.02.2026 14:09:11 [DEBUG] [links] Запрашиваем страницу 0
27.02.2026 14:09:11 [INFO] [links] Дошли до известной ссылки: https://inkstory.net/discussion/63ae8802-51a2-49ef-831b-07312d0fae55
27.02.2026 14:09:11 [INFO] [links] Новых ссылок нет
27.02.2026 14:09:11 [INFO] --- Шаг 2: парсинг постов ---
27.02.2026 14:09:11 [INFO] [posts] Ссылок для парсинга: 0, день: 6
27.02.2026 14:09:11 [INFO] [posts] Готово. Новых постов в очереди: 0
27.02.2026 14:09:11 [INFO] ==================================================
27.02.2026 14:09:11 [INFO] Готово. Новых ссылок: 0, постов в очереди: 0
27.02.2026 14:09:11 [INFO] ==================================================
27.02.2026 14:09:12 [INFO] [parser] Готово. Новых постов: 0, в очереди: 0
27.02.2026 14:14:38 [INFO] ==================================================
27.02.2026 14:14:38 [INFO] Бот запущен
27.02.2026 14:14:38 [INFO] ==================================================
27.02.2026 14:14:38 [INFO] [scheduler] Автопарсер каждые 30 мин, финальный в 23:55, смена дня в 00:01
27.02.2026 14:14:39 [INFO] [startup] Уведомлено жюри: 4
27.02.2026 14:14:39 [INFO] [admin] kit3ykpaini открыл панель
27.02.2026 14:14:40 [INFO] [admin:kit3ykpaini] Проверяющие
27.02.2026 14:14:49 [INFO] [admin] kit3ykpaini открыл панель
27.02.2026 14:14:59 [INFO] [admin:kit3ykpaini] Выключение бота. Причина: Еще одно обновление
27.02.2026 14:14:59 [INFO] [admin] Бот остановлен администратором
27.02.2026 14:39:59 [INFO] [queue_manager] Создана очередь queue_6540176383
27.02.2026 14:39:59 [INFO] [queue_manager] Создана очередь queue_6376164224
27.02.2026 14:39:59 [INFO] [queue_manager] Создана очередь queue_2022548116
27.02.2026 14:39:59 [INFO] [queue_manager] Создана очередь queue_1643118312
27.02.2026 14:39:59 [INFO] [queue_manager] Старая таблица queue удалена
27.02.2026 14:59:47 [INFO] ==================================================
27.02.2026 14:59:47 [INFO] Бот запущен
27.02.2026 14:59:47 [INFO] ==================================================
27.02.2026 14:59:47 [INFO] [scheduler] Автопарсер каждые 30 мин, финальный в 23:55, смена дня в 00:01
27.02.2026 14:59:48 [INFO] [startup] Уведомлено жюри: 4
27.02.2026 15:00:12 [INFO] [queue_manager] Создана очередь queue_2022548116
27.02.2026 15:00:15 [INFO] [queue_manager] Создана очередь queue_6376164224
27.02.2026 15:00:15 [INFO] [queue_manager] Создана очередь queue_1643118312
27.02.2026 15:00:15 [INFO] [queue_manager] Создана очередь queue_6540176383
27.02.2026 15:00:15 [INFO] [queue_manager] Создана очередь queue_2022548116
27.02.2026 15:00:22 [INFO] [queue_manager] Создана очередь queue_6376164224
27.02.2026 15:00:22 [INFO] [queue_manager] Создана очередь queue_1643118312
27.02.2026 15:00:22 [INFO] [queue_manager] Создана очередь queue_6540176383
27.02.2026 15:00:22 [INFO] [queue_manager] Создана очередь queue_2022548116
27.02.2026 15:00:47 [INFO] [job] Автозапуск парсера
27.02.2026 15:00:48 [INFO] ==================================================
27.02.2026 15:00:48 [INFO] Запуск парсера inkstory.net
27.02.2026 15:00:48 [INFO] ==================================================
27.02.2026 15:00:48 [INFO] --- Шаг 1: сбор ссылок ---
27.02.2026 15:00:48 [INFO] [links] Известных ссылок: 92, в блэклисте: 4
27.02.2026 15:00:48 [DEBUG] [links] Запрашиваем страницу 0
27.02.2026 15:00:49 [INFO] [links] Дошли до известной ссылки: https://inkstory.net/discussion/63ae8802-51a2-49ef-831b-07312d0fae55
27.02.2026 15:00:49 [INFO] [links] Сохранено новых ссылок: 1
27.02.2026 15:00:49 [INFO] --- Шаг 2: парсинг постов ---
27.02.2026 15:00:49 [INFO] [queue_manager] Создана очередь queue_6540176383
27.02.2026 15:00:49 [INFO] [queue_manager] Создана очередь queue_6376164224
27.02.2026 15:00:49 [INFO] [queue_manager] Создана очередь queue_2022548116
27.02.2026 15:00:49 [INFO] [queue_manager] Создана очередь queue_1643118312
27.02.2026 15:00:49 [INFO] [posts] Ссылок для парсинга: 1, день: 6
27.02.2026 15:00:49 [DEBUG] [posts] [1/1] https://inkstory.net/discussion/51c95ace-87ab-4f42-9b71-573e4def3141
27.02.2026 15:00:49 [INFO] [queue_manager] Создана очередь queue_6376164224
27.02.2026 15:00:49 [INFO] [queue_manager] Пост #151 → queue_6376164224 (count=7)
27.02.2026 15:00:49 [INFO] [posts] Сохранён: user316290 — https://inkstory.net/discussion/51c95ace-87ab-4f42-9b71-573e4def3141 (13 слов)
27.02.2026 15:00:51 [INFO] [posts] Готово. Новых постов в очереди: 1
27.02.2026 15:00:51 [INFO] ==================================================
27.02.2026 15:00:51 [INFO] Готово. Новых ссылок: 1, постов в очереди: 1
27.02.2026 15:00:51 [INFO] ==================================================
27.02.2026 15:00:51 [INFO] [parser] Готово. Новых постов: 1, в очереди: 1
27.02.2026 15:00:52 [INFO] [job] Уведомлено жюри: 4/4
27.02.2026 15:01:06 [INFO] [queue_manager] Создана очередь queue_6540176383
27.02.2026 15:02:24 [INFO] [queue_manager] Создана очередь queue_1643118312
27.02.2026 15:03:15 [INFO] [queue_manager] Создана очередь queue_6376164224
27.02.2026 15:03:15 [INFO] [queue_manager] Создана очередь queue_1643118312
27.02.2026 15:03:15 [INFO] [queue_manager] Создана очередь queue_6540176383
27.02.2026 15:03:15 [INFO] [queue_manager] Создана очередь queue_2022548116
27.02.2026 15:12:44 [INFO] [admin] kit3ykpaini открыл панель
27.02.2026 15:12:53 [INFO] [admin:kit3ykpaini] Выключение бота. Причина: И еще одна обнова
27.02.2026 15:12:53 [INFO] [admin] Бот остановлен администратором
27.02.2026 15:15:18 [INFO] ==================================================
27.02.2026 15:15:18 [INFO] Бот запущен
27.02.2026 15:15:18 [INFO] ==================================================
27.02.2026 15:15:19 [INFO] [scheduler] Автопарсер каждые 30 мин, финальный в 23:55, смена дня в 00:01
27.02.2026 15:15:19 [INFO] [startup] Уведомлено жюри: 4
27.02.2026 15:16:19 [INFO] [job] Автозапуск парсера
27.02.2026 15:16:20 [INFO] ==================================================
27.02.2026 15:16:20 [INFO] Запуск парсера inkstory.net
27.02.2026 15:16:20 [INFO] ==================================================
27.02.2026 15:16:20 [INFO] --- Шаг 1: сбор ссылок ---
27.02.2026 15:16:20 [INFO] [links] Известных ссылок: 93, в блэклисте: 4
27.02.2026 15:16:20 [DEBUG] [links] Запрашиваем страницу 0
27.02.2026 15:16:20 [INFO] [links] Дошли до известной ссылки: https://inkstory.net/discussion/51c95ace-87ab-4f42-9b71-573e4def3141
27.02.2026 15:16:20 [INFO] [links] Новых ссылок нет
27.02.2026 15:16:20 [INFO] --- Шаг 2: парсинг постов ---
27.02.2026 15:16:20 [INFO] [queue_manager] Создана очередь queue_6540176383
27.02.2026 15:16:20 [INFO] [queue_manager] Создана очередь queue_6376164224
27.02.2026 15:16:20 [INFO] [queue_manager] Создана очередь queue_2022548116
27.02.2026 15:16:20 [INFO] [queue_manager] Создана очередь queue_1643118312
27.02.2026 15:16:20 [INFO] [posts] Ссылок для парсинга: 0, день: 6
27.02.2026 15:16:20 [INFO] [posts] Готово. Новых постов в очереди: 0
27.02.2026 15:16:20 [INFO] ==================================================
27.02.2026 15:16:20 [INFO] Готово. Новых ссылок: 0, постов в очереди: {}
27.02.2026 15:16:20 [INFO] ==================================================
27.02.2026 15:16:21 [INFO] [parser] Готово. В очереди: 1
27.02.2026 15:17:24 [INFO] [admin] kit3ykpaini открыл панель
27.02.2026 15:17:26 [INFO] [admin:kit3ykpaini] Проверяющие
27.02.2026 15:25:04 [INFO] [queue_manager] Создана очередь queue_6376164224
27.02.2026 15:25:04 [INFO] [queue_manager] Создана очередь queue_1643118312
27.02.2026 15:25:04 [INFO] [queue_manager] Создана очередь queue_6540176383
27.02.2026 15:25:04 [INFO] [queue_manager] Создана очередь queue_2022548116
27.02.2026 15:28:19 [INFO] [queue_manager] Создана очередь queue_2022548116
27.02.2026 15:46:19 [INFO] [job] Автозапуск парсера
27.02.2026 15:46:20 [INFO] ==================================================
27.02.2026 15:46:20 [INFO] Запуск парсера inkstory.net
27.02.2026 15:46:20 [INFO] ==================================================
27.02.2026 15:46:20 [INFO] --- Шаг 1: сбор ссылок ---
27.02.2026 15:46:20 [INFO] [links] Известных ссылок: 93, в блэклисте: 4
27.02.2026 15:46:20 [DEBUG] [links] Запрашиваем страницу 0
27.02.2026 15:46:20 [INFO] [links] Дошли до известной ссылки: https://inkstory.net/discussion/51c95ace-87ab-4f42-9b71-573e4def3141
27.02.2026 15:46:20 [INFO] [links] Новых ссылок нет
27.02.2026 15:46:20 [INFO] --- Шаг 2: парсинг постов ---
27.02.2026 15:46:20 [INFO] [queue_manager] Создана очередь queue_6540176383
27.02.2026 15:46:20 [INFO] [queue_manager] Создана очередь queue_6376164224
27.02.2026 15:46:20 [INFO] [queue_manager] Создана очередь queue_2022548116
27.02.2026 15:46:20 [INFO] [queue_manager] Создана очередь queue_1643118312
27.02.2026 15:46:20 [INFO] [posts] Ссылок для парсинга: 0, день: 6
27.02.2026 15:46:20 [INFO] [posts] Готово. Новых постов в очереди: 0
27.02.2026 15:46:20 [INFO] ==================================================
27.02.2026 15:46:20 [INFO] Готово. Новых ссылок: 0, постов в очереди: {}
27.02.2026 15:46:20 [INFO] ==================================================
27.02.2026 15:46:21 [INFO] [parser] Готово. В очереди: 1
27.02.2026 16:16:19 [INFO] [job] Автозапуск парсера
27.02.2026 16:16:20 [INFO] ==================================================
27.02.2026 16:16:20 [INFO] Запуск парсера inkstory.net
27.02.2026 16:16:20 [INFO] ==================================================
27.02.2026 16:16:20 [INFO] --- Шаг 1: сбор ссылок ---
27.02.2026 16:16:20 [INFO] [links] Известных ссылок: 93, в блэклисте: 4
27.02.2026 16:16:20 [DEBUG] [links] Запрашиваем страницу 0
27.02.2026 16:16:20 [INFO] [links] Дошли до известной ссылки: https://inkstory.net/discussion/51c95ace-87ab-4f42-9b71-573e4def3141
27.02.2026 16:16:20 [INFO] [links] Сохранено новых ссылок: 1
27.02.2026 16:16:20 [INFO] --- Шаг 2: парсинг постов ---
27.02.2026 16:16:20 [INFO] [queue_manager] Создана очередь queue_6540176383
27.02.2026 16:16:20 [INFO] [queue_manager] Создана очередь queue_6376164224
27.02.2026 16:16:20 [INFO] [queue_manager] Создана очередь queue_2022548116
27.02.2026 16:16:20 [INFO] [queue_manager] Создана очередь queue_1643118312
27.02.2026 16:16:20 [INFO] [posts] Ссылок для парсинга: 1, день: 6
27.02.2026 16:16:20 [DEBUG] [posts] [1/1] https://inkstory.net/discussion/185ec448-faa5-4d75-8fef-3b4088d9272d
27.02.2026 16:16:21 [INFO] [posts] Сохранён: marianne🌺 — https://inkstory.net/discussion/185ec448-faa5-4d75-8fef-3b4088d9272d (289 слов)
27.02.2026 16:16:21 [INFO] [queue_manager] Создана очередь queue_6376164224
27.02.2026 16:16:21 [INFO] [queue_manager] Пост #152 → queue_6376164224 (count=7)
27.02.2026 16:16:22 [INFO] [posts] Готово. Новых постов в очереди: 1
27.02.2026 16:16:22 [INFO] ==================================================
27.02.2026 16:16:22 [INFO] Готово. Новых ссылок: 1, постов в очереди: {'6376164224': 1}
27.02.2026 16:16:22 [INFO] ==================================================
27.02.2026 16:16:23 [INFO] [parser] Готово. В очереди: 2
27.02.2026 16:46:19 [INFO] [job] Автозапуск парсера
27.02.2026 16:46:20 [INFO] ==================================================
27.02.2026 16:46:20 [INFO] Запуск парсера inkstory.net
27.02.2026 16:46:20 [INFO] ==================================================
27.02.2026 16:46:20 [INFO] --- Шаг 1: сбор ссылок ---
27.02.2026 16:46:20 [INFO] [links] Известных ссылок: 94, в блэклисте: 4
27.02.2026 16:46:20 [DEBUG] [links] Запрашиваем страницу 0
27.02.2026 16:46:20 [INFO] [links] Дошли до известной ссылки: https://inkstory.net/discussion/185ec448-faa5-4d75-8fef-3b4088d9272d
27.02.2026 16:46:20 [INFO] [links] Сохранено новых ссылок: 1
27.02.2026 16:46:20 [INFO] --- Шаг 2: парсинг постов ---
27.02.2026 16:46:20 [INFO] [queue_manager] Создана очередь queue_6540176383
27.02.2026 16:46:20 [INFO] [queue_manager] Создана очередь queue_6376164224
27.02.2026 16:46:20 [INFO] [queue_manager] Создана очередь queue_2022548116
27.02.2026 16:46:20 [INFO] [queue_manager] Создана очередь queue_1643118312
27.02.2026 16:46:20 [INFO] [posts] Ссылок для парсинга: 1, день: 6
27.02.2026 16:46:20 [DEBUG] [posts] [1/1] https://inkstory.net/discussion/9ca0a0b7-d5d2-415e-af80-0133663a396b
27.02.2026 16:46:21 [INFO] [posts] Сохранён: nameless wanderer — https://inkstory.net/discussion/9ca0a0b7-d5d2-415e-af80-0133663a396b (6 слов)
27.02.2026 16:46:21 [INFO] [queue_manager] Создана очередь queue_6376164224
27.02.2026 16:46:21 [INFO] [queue_manager] Пост #153 → queue_6376164224 (count=7)
27.02.2026 16:46:23 [INFO] [posts] Готово. Новых постов в очереди: 1
27.02.2026 16:46:23 [INFO] ==================================================
27.02.2026 16:46:23 [INFO] Готово. Новых ссылок: 1, постов в очереди: {'6376164224': 1}
27.02.2026 16:46:23 [INFO] ==================================================
27.02.2026 16:46:23 [INFO] [parser] Готово. В очереди: 3
27.02.2026 17:01:11 [INFO] [admin:kit3ykpaini] Логи
27.02.2026 17:01:12 [INFO] [admin:kit3ykpaini] Логи (50 строк)
27.02.2026 17:01:26 [INFO] [admin] kit3ykpaini открыл панель
27.02.2026 17:01:32 [INFO] [admin:kit3ykpaini] Выключение бота. Причина: Перезапуск
27.02.2026 17:01:32 [INFO] [admin] Бот остановлен администратором
27.02.2026 17:01:39 [INFO] ==================================================
27.02.2026 17:01:39 [INFO] Бот запущен
27.02.2026 17:01:39 [INFO] ==================================================
27.02.2026 17:01:40 [INFO] [scheduler] Автопарсер каждые 30 мин, финальный в 23:55, смена дня в 00:01
27.02.2026 17:01:41 [INFO] [startup] Уведомлено жюри: 4
27.02.2026 17:02:40 [INFO] [job] Автозапуск парсера
27.02.2026 17:02:41 [INFO] ==================================================
27.02.2026 17:02:41 [INFO] Запуск парсера inkstory.net
27.02.2026 17:02:41 [INFO] ==================================================
27.02.2026 17:02:41 [INFO] --- Шаг 1: сбор ссылок ---
27.02.2026 17:02:41 [INFO] [links] Известных ссылок: 95, в блэклисте: 4
27.02.2026 17:02:41 [DEBUG] [links] Запрашиваем страницу 0
27.02.2026 17:02:42 [INFO] [links] Дошли до известной ссылки: https://inkstory.net/discussion/9ca0a0b7-d5d2-415e-af80-0133663a396b
27.02.2026 17:02:42 [INFO] [links] Сохранено новых ссылок: 1
27.02.2026 17:02:42 [INFO] --- Шаг 2: парсинг постов ---
27.02.2026 17:02:42 [INFO] [queue_manager] Создана очередь queue_6540176383
27.02.2026 17:02:42 [INFO] [queue_manager] Создана очередь queue_6376164224
27.02.2026 17:02:42 [INFO] [queue_manager] Создана очередь queue_2022548116
27.02.2026 17:02:42 [INFO] [queue_manager] Создана очередь queue_1643118312
27.02.2026 17:02:42 [INFO] [posts] Ссылок для парсинга: 1, день: 6
27.02.2026 17:02:42 [DEBUG] [posts] [1/1] https://inkstory.net/discussion/3b8ea64a-ecf1-413f-bfab-9da3f96f8803
27.02.2026 17:02:42 [INFO] [posts] Сохранён: Iviliel — https://inkstory.net/discussion/3b8ea64a-ecf1-413f-bfab-9da3f96f8803 (448 слов)
27.02.2026 17:02:42 [INFO] [queue_manager] Создана очередь queue_6376164224
27.02.2026 17:02:43 [INFO] [queue_manager] Пост #154 → queue_6376164224 (count=7)
27.02.2026 17:02:44 [INFO] [posts] Готово. Новых постов в очереди: 1
27.02.2026 17:02:44 [INFO] ==================================================
27.02.2026 17:02:44 [INFO] Готово. Новых ссылок: 1, постов в очереди: {'6376164224': 1}
27.02.2026 17:02:44 [INFO] ==================================================
27.02.2026 17:02:44 [INFO] [parser] Готово. В очереди: 4
27.02.2026 17:06:38 [INFO] [admin:kit3ykpaini] Выключение бота. Причина: Сори за еще 1 обнову
27.02.2026 17:06:38 [INFO] [admin] Бот остановлен администратором
27.02.2026 17:06:58 [INFO] ==================================================
27.02.2026 17:06:58 [INFO] Бот запущен
27.02.2026 17:06:58 [INFO] ==================================================
27.02.2026 17:06:59 [INFO] [scheduler] Автопарсер каждые 30 мин, финальный в 23:55, смена дня в 00:01
27.02.2026 17:06:59 [INFO] [startup] Уведомлено жюри: 4
27.02.2026 17:07:59 [INFO] [job] Автозапуск парсера
27.02.2026 17:08:00 [INFO] ==================================================
27.02.2026 17:08:00 [INFO] Запуск парсера inkstory.net
27.02.2026 17:08:00 [INFO] ==================================================
27.02.2026 17:08:00 [INFO] --- Шаг 1: сбор ссылок ---
27.02.2026 17:08:00 [INFO] [links] Известных ссылок: 96, в блэклисте: 4
27.02.2026 17:08:00 [DEBUG] [links] Запрашиваем страницу 0
27.02.2026 17:08:00 [INFO] [links] Дошли до известной ссылки: https://inkstory.net/discussion/3b8ea64a-ecf1-413f-bfab-9da3f96f8803
27.02.2026 17:08:00 [INFO] [links] Новых ссылок нет
27.02.2026 17:08:00 [INFO] --- Шаг 2: парсинг постов ---
27.02.2026 17:08:00 [INFO] [posts] Ссылок для парсинга: 0, день: 6
27.02.2026 17:08:00 [INFO] [posts] Готово. Новых постов в очереди: 0
27.02.2026 17:08:00 [INFO] ==================================================
27.02.2026 17:08:00 [INFO] Готово. Новых ссылок: 0, постов в очереди: {}
27.02.2026 17:08:00 [INFO] ==================================================
27.02.2026 17:08:00 [INFO] [parser] Готово. В очереди: 4
27.02.2026 17:08:29 [INFO] [next] BALAPANPRO взял пост #151 — https://inkstory.net/discussion/51c95ace-87ab-4f42-9b71-573e4def3141
27.02.2026 17:09:57 [INFO] [queue_manager] Пост #151 удалён из всех очередей
27.02.2026 17:09:57 [INFO] [reject] BALAPANPRO → #151: few_words
27.02.2026 17:09:59 [INFO] [next] BALAPANPRO взял пост #152 — https://inkstory.net/discussion/185ec448-faa5-4d75-8fef-3b4088d9272d
27.02.2026 17:16:06 [INFO] [ai] Проверка поста: 1 часть(ей), 1785 символов
27.02.2026 17:34:40 [INFO] [queue_manager] Создана очередь queue_6376164224
27.02.2026 17:34:40 [INFO] [queue_manager] Создана очередь queue_1643118312
27.02.2026 17:34:40 [INFO] [queue_manager] Создана очередь queue_6540176383
27.02.2026 17:34:40 [INFO] [queue_manager] Создана очередь queue_2022548116
27.02.2026 17:37:59 [INFO] [job] Автозапуск парсера
27.02.2026 17:38:00 [INFO] ==================================================
27.02.2026 17:38:00 [INFO] Запуск парсера inkstory.net
27.02.2026 17:38:00 [INFO] ==================================================
27.02.2026 17:38:00 [INFO] --- Шаг 1: сбор ссылок ---
27.02.2026 17:38:00 [INFO] [links] Известных ссылок: 96, в блэклисте: 4
27.02.2026 17:38:00 [DEBUG] [links] Запрашиваем страницу 0
27.02.2026 17:38:00 [INFO] [links] Дошли до известной ссылки: https://inkstory.net/discussion/3b8ea64a-ecf1-413f-bfab-9da3f96f8803
27.02.2026 17:38:00 [INFO] [links] Новых ссылок нет
27.02.2026 17:38:00 [INFO] --- Шаг 2: парсинг постов ---
27.02.2026 17:38:00 [INFO] [posts] Ссылок для парсинга: 0, день: 6
27.02.2026 17:38:00 [INFO] [posts] Готово. Новых постов в очереди: 0
27.02.2026 17:38:00 [INFO] ==================================================
27.02.2026 17:38:00 [INFO] Готово. Новых ссылок: 0, постов в очереди: {}
27.02.2026 17:38:00 [INFO] ==================================================
27.02.2026 17:38:01 [INFO] [parser] Готово. В очереди: 3
27.02.2026 17:42:52 [INFO] [queue_manager] Пост #152 удалён из всех очередей
27.02.2026 17:42:52 [INFO] [check] BALAPANPRO → #152: слов=283, ошибок=2
27.02.2026 17:45:07 [INFO] [queue_manager] Создана очередь queue_6376164224
27.02.2026 17:45:07 [INFO] [queue_manager] Создана очередь queue_1643118312
27.02.2026 17:45:07 [INFO] [queue_manager] Создана очередь queue_6540176383
27.02.2026 17:45:07 [INFO] [queue_manager] Создана очередь queue_2022548116
27.02.2026 17:48:07 [INFO] [admin:kit3ykpaini] Выключение бота. Причина: Иду играть в компутер
27.02.2026 17:48:07 [INFO] [admin] Бот остановлен администратором
